2020-02-10 23:28:08.3182 INFO logSystem started at 10/02/2020 23:28:08
2020-02-10 23:28:08.3563 INFO starting exploud engine
2020-02-10 23:28:09.0297 DEBUG loading oculus spatializer with 1024 buffer lenght, and 4 num of samples 
2020-02-10 23:28:09.5909 DEBUG plugins loaded
2020-02-10 23:28:11.2687 INFO loading sounds.doors.door1.wall.mp3 sound
2020-02-10 23:28:11.3254 INFO sounds.doors.door1.wall.mp3 sound loaded
2020-02-10 23:28:11.3254 INFO loading sounds.doors.door1.open.mp3 sound
2020-02-10 23:28:11.4255 INFO sounds.doors.door1.open.mp3 sound loaded
2020-02-10 23:28:11.4255 INFO loading sounds.doors.door1.close.mp3 sound
2020-02-10 23:28:11.4997 INFO sounds.doors.door1.close.mp3 sound loaded
2020-02-10 23:28:11.4997 INFO loading sounds.doors.door1.loop.mp3 sound
2020-02-10 23:28:11.5534 INFO sounds.doors.door1.loop.mp3 sound loaded
2020-02-10 23:28:11.5573 INFO loading sounds.window.loop.mp3 sound
2020-02-10 23:28:12.3144 INFO sounds.window.loop.mp3 sound loaded
2020-02-10 23:28:13.6170 INFO loading sounds.steps.womanstep.7.ogg sound
2020-02-10 23:28:13.6717 INFO sounds.steps.womanstep.7.ogg sound loaded
2020-02-10 23:28:13.6853 INFO loading sounds.steps.womanstep.11.ogg sound
2020-02-10 23:28:13.7820 INFO sounds.steps.womanstep.11.ogg sound loaded
2020-02-10 23:28:14.1265 INFO loading sounds.steps.womanstep.6.ogg sound
2020-02-10 23:28:14.1509 INFO sounds.steps.womanstep.6.ogg sound loaded
2020-02-10 23:28:40.7186 ERROR problems excecuting a fmod function at disconnecting source DSP step ERR_INVALID_HANDLE
2020-02-10 23:28:40.7186 ERROR problems excecuting a fmod function at releasing source dsp step ERR_INVALID_HANDLE
2020-02-10 23:28:40.7186 ERROR problems excecuting a fmod function at disconnecting source DSP step ERR_INVALID_HANDLE
2020-02-10 23:28:40.7186 ERROR problems excecuting a fmod function at releasing source dsp step ERR_INVALID_HANDLE
2020-02-10 23:28:40.7186 ERROR problems excecuting a fmod function at disconnecting source DSP step ERR_INVALID_HANDLE
2020-02-10 23:28:40.7186 ERROR problems excecuting a fmod function at releasing source dsp step ERR_INVALID_HANDLE
2020-02-10 23:29:13.6930 INFO loading sounds.steps.womanstep.12.ogg sound
2020-02-10 23:29:13.7213 INFO sounds.steps.womanstep.12.ogg sound loaded
2020-02-10 23:29:14.1979 INFO loading sounds.steps.womanstep.11.ogg sound
2020-02-10 23:29:14.1979 INFO sounds.steps.womanstep.11.ogg sound was loaded previously. returning kached data
2020-02-10 23:29:14.6976 INFO loading sounds.steps.womanstep.4.ogg sound
2020-02-10 23:29:14.7162 INFO sounds.steps.womanstep.4.ogg sound loaded
2020-02-10 23:29:15.1975 INFO loading sounds.steps.womanstep.6.ogg sound
2020-02-10 23:29:15.1975 INFO sounds.steps.womanstep.6.ogg sound was loaded previously. returning kached data
2020-02-10 23:29:15.6971 INFO loading sounds.steps.womanstep.3.ogg sound
2020-02-10 23:29:15.7139 INFO sounds.steps.womanstep.3.ogg sound loaded
2020-02-10 23:29:16.1974 INFO loading sounds.steps.womanstep.2.ogg sound
2020-02-10 23:29:16.2199 INFO sounds.steps.womanstep.2.ogg sound loaded
2020-02-10 23:29:16.6972 INFO loading sounds.steps.womanstep.12.ogg sound
2020-02-10 23:29:16.6981 INFO sounds.steps.womanstep.12.ogg sound was loaded previously. returning kached data
2020-02-10 23:29:17.1978 INFO loading sounds.steps.womanstep.1.ogg sound
2020-02-10 23:29:17.2251 INFO sounds.steps.womanstep.1.ogg sound loaded
2020-02-10 23:29:17.6970 INFO loading sounds.steps.womanstep.4.ogg sound
2020-02-10 23:29:17.6979 INFO sounds.steps.womanstep.4.ogg sound was loaded previously. returning kached data
2020-02-10 23:29:18.1976 INFO loading sounds.steps.womanstep.8.ogg sound
2020-02-10 23:29:18.2143 INFO sounds.steps.womanstep.8.ogg sound loaded
2020-02-10 23:29:18.6966 INFO loading sounds.steps.womanstep.8.ogg sound
2020-02-10 23:29:18.6976 INFO sounds.steps.womanstep.8.ogg sound was loaded previously. returning kached data
2020-02-10 23:29:19.9139 INFO loading sounds.steps.womanstep.8.ogg sound
2020-02-10 23:29:19.9139 INFO sounds.steps.womanstep.8.ogg sound was loaded previously. returning kached data
2020-02-10 23:29:20.4136 INFO loading sounds.steps.womanstep.5.ogg sound
2020-02-10 23:29:20.4284 INFO sounds.steps.womanstep.5.ogg sound loaded
2020-02-10 23:29:20.9140 INFO loading sounds.steps.womanstep.5.ogg sound
2020-02-10 23:29:20.9140 INFO sounds.steps.womanstep.5.ogg sound was loaded previously. returning kached data
2020-02-10 23:29:21.4141 INFO loading sounds.steps.womanstep.5.ogg sound
2020-02-10 23:29:21.4141 INFO sounds.steps.womanstep.5.ogg sound was loaded previously. returning kached data
2020-02-10 23:29:21.9138 INFO loading sounds.steps.womanstep.4.ogg sound
2020-02-10 23:29:21.9138 INFO sounds.steps.womanstep.4.ogg sound was loaded previously. returning kached data
2020-02-10 23:29:22.4129 INFO loading sounds.steps.womanstep.8.ogg sound
2020-02-10 23:29:22.4129 INFO sounds.steps.womanstep.8.ogg sound was loaded previously. returning kached data
2020-02-10 23:29:22.9136 INFO loading sounds.steps.womanstep.2.ogg sound
2020-02-10 23:29:22.9136 INFO sounds.steps.womanstep.2.ogg sound was loaded previously. returning kached data
2020-02-10 23:29:23.4135 INFO loading sounds.steps.womanstep.1.ogg sound
2020-02-10 23:29:23.4135 INFO sounds.steps.womanstep.1.ogg sound was loaded previously. returning kached data
2020-02-10 23:29:24.1971 INFO loading sounds.steps.womanstep.5.ogg sound
2020-02-10 23:29:24.1980 INFO sounds.steps.womanstep.5.ogg sound was loaded previously. returning kached data
2020-02-10 23:29:24.2296 ERROR problems excecuting a fmod function at disconnecting source DSP step ERR_CHANNEL_STOLEN
2020-02-10 23:29:24.2296 ERROR problems excecuting a fmod function at releasing source dsp step ERR_INVALID_HANDLE
2020-02-10 23:29:24.2296 ERROR problems excecuting a fmod function at disconnecting source DSP step ERR_CHANNEL_STOLEN
2020-02-10 23:29:24.2296 ERROR problems excecuting a fmod function at releasing source dsp step ERR_INVALID_HANDLE
2020-02-10 23:29:24.2296 ERROR problems excecuting a fmod function at disconnecting source DSP step ERR_CHANNEL_STOLEN
2020-02-10 23:29:24.2296 ERROR problems excecuting a fmod function at disconnecting source DSP step ERR_CHANNEL_STOLEN
2020-02-10 23:29:24.2296 ERROR problems excecuting a fmod function at releasing source dsp step ERR_INVALID_HANDLE
2020-02-10 23:29:24.2296 ERROR problems excecuting a fmod function at disconnecting source DSP step ERR_CHANNEL_STOLEN
2020-02-10 23:29:24.2296 ERROR problems excecuting a fmod function at releasing source dsp step ERR_INVALID_HANDLE
2020-02-10 23:29:24.2296 ERROR problems excecuting a fmod function at disconnecting source DSP step ERR_CHANNEL_STOLEN
2020-02-10 23:29:24.2296 ERROR problems excecuting a fmod function at releasing source dsp step ERR_INVALID_HANDLE
2020-02-10 23:29:24.2296 ERROR problems excecuting a fmod function at disconnecting source DSP step ERR_CHANNEL_STOLEN
2020-02-10 23:29:24.2296 ERROR problems excecuting a fmod function at releasing source dsp step ERR_INVALID_HANDLE
2020-02-10 23:29:24.2296 ERROR problems excecuting a fmod function at disconnecting source DSP step ERR_INVALID_HANDLE
2020-02-10 23:29:24.2296 ERROR problems excecuting a fmod function at releasing source dsp step ERR_INVALID_HANDLE
2020-02-10 23:29:24.2296 ERROR problems excecuting a fmod function at disconnecting source DSP step ERR_CHANNEL_STOLEN
2020-02-10 23:29:24.2296 ERROR problems excecuting a fmod function at releasing source dsp step ERR_INVALID_HANDLE
2020-02-10 23:29:24.2296 ERROR problems excecuting a fmod function at disconnecting source DSP step ERR_CHANNEL_STOLEN
2020-02-10 23:29:24.2296 ERROR problems excecuting a fmod function at releasing source dsp step ERR_INVALID_HANDLE
2020-02-10 23:29:24.2462 ERROR problems excecuting a fmod function at disconnecting source DSP step ERR_CHANNEL_STOLEN
2020-02-10 23:29:24.2462 ERROR problems excecuting a fmod function at disconnecting source DSP step ERR_CHANNEL_STOLEN
2020-02-10 23:29:24.2462 ERROR problems excecuting a fmod function at releasing source dsp step ERR_INVALID_HANDLE
2020-02-10 23:29:24.2462 ERROR problems excecuting a fmod function at disconnecting source DSP step ERR_CHANNEL_STOLEN
2020-02-10 23:29:24.2462 ERROR problems excecuting a fmod function at disconnecting source DSP step ERR_CHANNEL_STOLEN
2020-02-10 23:29:24.2462 ERROR problems excecuting a fmod function at releasing source dsp step ERR_INVALID_HANDLE
2020-02-10 23:29:24.2462 ERROR problems excecuting a fmod function at disconnecting source DSP step ERR_INVALID_HANDLE
2020-02-10 23:29:24.2462 ERROR problems excecuting a fmod function at releasing source dsp step ERR_INVALID_HANDLE
2020-02-10 23:29:24.2462 ERROR problems excecuting a fmod function at disconnecting source DSP step ERR_CHANNEL_STOLEN
2020-02-10 23:29:24.2462 ERROR problems excecuting a fmod function at releasing source dsp step ERR_INVALID_HANDLE
2020-02-10 23:29:24.2462 ERROR problems excecuting a fmod function at disconnecting source DSP step ERR_CHANNEL_STOLEN
2020-02-10 23:29:24.2462 ERROR problems excecuting a fmod function at releasing source dsp step ERR_INVALID_HANDLE
2020-02-10 23:29:25.5969 ERROR problems excecuting a fmod function at releasing source dsp step ERR_INVALID_HANDLE
2020-02-10 23:29:25.9630 ERROR problems excecuting a fmod function at releasing source dsp step ERR_INVALID_HANDLE
2020-02-10 23:29:25.9972 ERROR problems excecuting a fmod function at releasing source dsp step ERR_INVALID_HANDLE
2020-02-10 23:29:27.1627 INFO loading sounds.steps.womanstep.5.ogg sound
2020-02-10 23:29:27.1627 INFO sounds.steps.womanstep.5.ogg sound was loaded previously. returning kached data
2020-02-10 23:29:27.6625 INFO loading sounds.steps.womanstep.6.ogg sound
2020-02-10 23:29:27.6625 INFO sounds.steps.womanstep.6.ogg sound was loaded previously. returning kached data
2020-02-10 23:29:28.7959 INFO loading sounds.steps.womanstep.13.ogg sound
2020-02-10 23:29:28.8301 INFO sounds.steps.womanstep.13.ogg sound loaded
2020-02-10 23:29:29.7794 INFO loading sounds.steps.womanstep.11.ogg sound
2020-02-10 23:29:29.7794 INFO sounds.steps.womanstep.11.ogg sound was loaded previously. returning kached data
2020-02-10 23:29:30.2791 INFO loading sounds.steps.womanstep.9.ogg sound
2020-02-10 23:29:30.2791 INFO sounds.steps.womanstep.9.ogg sound loaded
2020-02-10 23:29:32.6289 INFO loading sounds.steps.womanstep.2.ogg sound
2020-02-10 23:29:32.6289 INFO sounds.steps.womanstep.2.ogg sound was loaded previously. returning kached data
2020-02-10 23:29:33.1287 INFO loading sounds.steps.womanstep.8.ogg sound
2020-02-10 23:29:33.1287 INFO sounds.steps.womanstep.8.ogg sound was loaded previously. returning kached data
2020-02-10 23:29:34.9953 INFO loading sounds.steps.womanstep.13.ogg sound
2020-02-10 23:29:34.9953 INFO sounds.steps.womanstep.13.ogg sound was loaded previously. returning kached data
2020-02-10 23:29:35.6785 INFO loading sounds.steps.womanstep.9.ogg sound
2020-02-10 23:29:35.6785 INFO sounds.steps.womanstep.9.ogg sound was loaded previously. returning kached data
2020-02-10 23:29:36.1780 INFO loading sounds.steps.womanstep.12.ogg sound
2020-02-10 23:29:36.1780 INFO sounds.steps.womanstep.12.ogg sound was loaded previously. returning kached data
2020-02-10 23:29:37.8952 INFO loading sounds.steps.womanstep.7.ogg sound
2020-02-10 23:29:37.8952 INFO sounds.steps.womanstep.7.ogg sound was loaded previously. returning kached data
2020-02-10 23:29:39.4784 INFO loading sounds.steps.womanstep.13.ogg sound
2020-02-10 23:29:39.4793 INFO sounds.steps.womanstep.13.ogg sound was loaded previously. returning kached data
2020-02-10 23:29:39.9781 INFO loading sounds.steps.womanstep.5.ogg sound
2020-02-10 23:29:39.9791 INFO sounds.steps.womanstep.5.ogg sound was loaded previously. returning kached data
2020-02-10 23:29:54.3765 ERROR problems excecuting a fmod function at disconnecting source DSP step ERR_CHANNEL_STOLEN
2020-02-10 23:29:54.3765 ERROR problems excecuting a fmod function at releasing source dsp step ERR_INVALID_HANDLE
2020-02-10 23:29:54.3765 ERROR problems excecuting a fmod function at disconnecting source DSP step ERR_CHANNEL_STOLEN
2020-02-10 23:29:54.3765 ERROR problems excecuting a fmod function at releasing source dsp step ERR_INVALID_HANDLE
2020-02-10 23:29:54.3765 ERROR problems excecuting a fmod function at disconnecting source DSP step ERR_CHANNEL_STOLEN
2020-02-10 23:29:54.3765 ERROR problems excecuting a fmod function at releasing source dsp step ERR_INVALID_HANDLE
2020-02-10 23:29:54.3765 ERROR problems excecuting a fmod function at disconnecting source DSP step ERR_CHANNEL_STOLEN
2020-02-10 23:29:54.3765 ERROR problems excecuting a fmod function at releasing source dsp step ERR_INVALID_HANDLE
2020-02-10 23:29:54.3765 ERROR problems excecuting a fmod function at disconnecting source DSP step ERR_CHANNEL_STOLEN
2020-02-10 23:29:54.3852 ERROR problems excecuting a fmod function at releasing source dsp step ERR_INVALID_HANDLE
2020-02-10 23:29:54.3852 ERROR problems excecuting a fmod function at disconnecting source DSP step ERR_CHANNEL_STOLEN
2020-02-10 23:29:54.3852 ERROR problems excecuting a fmod function at releasing source dsp step ERR_INVALID_HANDLE
2020-02-10 23:29:54.3852 ERROR problems excecuting a fmod function at disconnecting source DSP step ERR_CHANNEL_STOLEN
2020-02-10 23:29:54.3852 ERROR problems excecuting a fmod function at releasing source dsp step ERR_INVALID_HANDLE
2020-02-10 23:29:54.3852 ERROR problems excecuting a fmod function at disconnecting source DSP step ERR_CHANNEL_STOLEN
2020-02-10 23:29:54.3852 ERROR problems excecuting a fmod function at releasing source dsp step ERR_INVALID_HANDLE
2020-02-10 23:29:54.3852 ERROR problems excecuting a fmod function at disconnecting source DSP step ERR_CHANNEL_STOLEN
2020-02-10 23:29:54.3852 ERROR problems excecuting a fmod function at releasing source dsp step ERR_INVALID_HANDLE
2020-02-10 23:29:54.3852 ERROR problems excecuting a fmod function at disconnecting source DSP step ERR_CHANNEL_STOLEN
2020-02-10 23:29:54.3852 ERROR problems excecuting a fmod function at releasing source dsp step ERR_INVALID_HANDLE
2020-02-10 23:29:54.3852 ERROR problems excecuting a fmod function at disconnecting source DSP step ERR_INVALID_HANDLE
2020-02-10 23:29:54.3852 ERROR problems excecuting a fmod function at releasing source dsp step ERR_INVALID_HANDLE
2020-02-10 23:29:54.3852 ERROR problems excecuting a fmod function at disconnecting source DSP step ERR_CHANNEL_STOLEN
2020-02-10 23:29:54.3852 ERROR problems excecuting a fmod function at releasing source dsp step ERR_INVALID_HANDLE
2020-02-10 23:29:54.3852 ERROR problems excecuting a fmod function at disconnecting source DSP step ERR_CHANNEL_STOLEN
2020-02-10 23:29:54.4009 ERROR problems excecuting a fmod function at releasing source dsp step ERR_INVALID_HANDLE
2020-02-10 23:29:54.4009 ERROR problems excecuting a fmod function at disconnecting source DSP step ERR_CHANNEL_STOLEN
2020-02-10 23:29:54.4009 ERROR problems excecuting a fmod function at releasing source dsp step ERR_INVALID_HANDLE
2020-02-10 23:29:54.4009 ERROR problems excecuting a fmod function at disconnecting source DSP step ERR_CHANNEL_STOLEN
2020-02-10 23:29:54.4009 ERROR problems excecuting a fmod function at releasing source dsp step ERR_INVALID_HANDLE
2020-02-10 23:29:54.4009 ERROR problems excecuting a fmod function at disconnecting source DSP step ERR_CHANNEL_STOLEN
2020-02-10 23:29:54.4009 ERROR problems excecuting a fmod function at releasing source dsp step ERR_INVALID_HANDLE
2020-02-10 23:29:54.4009 ERROR problems excecuting a fmod function at disconnecting source DSP step ERR_CHANNEL_STOLEN
2020-02-10 23:29:54.4009 ERROR problems excecuting a fmod function at releasing source dsp step ERR_INVALID_HANDLE
2020-02-10 23:29:54.4009 ERROR problems excecuting a fmod function at disconnecting source DSP step ERR_INVALID_HANDLE
2020-02-10 23:29:54.4009 ERROR problems excecuting a fmod function at releasing source dsp step ERR_INVALID_HANDLE
2020-02-10 23:29:54.4009 ERROR problems excecuting a fmod function at disconnecting source DSP step ERR_INVALID_HANDLE
2020-02-10 23:29:54.4009 ERROR problems excecuting a fmod function at releasing source dsp step ERR_INVALID_HANDLE
2020-02-10 23:29:54.4009 ERROR problems excecuting a fmod function at disconnecting source DSP step ERR_CHANNEL_STOLEN
2020-02-10 23:29:54.4009 ERROR problems excecuting a fmod function at releasing source dsp step ERR_INVALID_HANDLE
2020-02-10 23:29:59.7593 INFO loading sounds.steps.womanstep.2.ogg sound
2020-02-10 23:29:59.7603 INFO sounds.steps.womanstep.2.ogg sound was loaded previously. returning kached data
2020-02-10 23:30:00.2600 INFO loading sounds.steps.womanstep.6.ogg sound
2020-02-10 23:30:00.2600 INFO sounds.steps.womanstep.6.ogg sound was loaded previously. returning kached data
2020-02-10 23:30:00.7591 INFO loading sounds.steps.womanstep.10.ogg sound
2020-02-10 23:30:00.7699 INFO sounds.steps.womanstep.10.ogg sound loaded
2020-02-10 23:30:04.3265 INFO loading sounds.steps.womanstep.11.ogg sound
2020-02-10 23:30:04.3265 INFO sounds.steps.womanstep.11.ogg sound was loaded previously. returning kached data
2020-02-10 23:30:05.7595 INFO loading sounds.steps.womanstep.6.ogg sound
2020-02-10 23:30:05.7602 INFO sounds.steps.womanstep.6.ogg sound was loaded previously. returning kached data
2020-02-10 23:30:06.2595 INFO loading sounds.steps.womanstep.8.ogg sound
2020-02-10 23:30:06.2605 INFO sounds.steps.womanstep.8.ogg sound was loaded previously. returning kached data
2020-02-10 23:30:06.7596 INFO loading sounds.steps.womanstep.9.ogg sound
2020-02-10 23:30:06.7606 INFO sounds.steps.womanstep.9.ogg sound was loaded previously. returning kached data
2020-02-10 23:30:07.2598 INFO loading sounds.steps.womanstep.7.ogg sound
2020-02-10 23:30:07.2607 INFO sounds.steps.womanstep.7.ogg sound was loaded previously. returning kached data
2020-02-10 23:30:08.1095 INFO loading sounds.steps.womanstep.4.ogg sound
2020-02-10 23:30:08.1095 INFO sounds.steps.womanstep.4.ogg sound was loaded previously. returning kached data
2020-02-10 23:30:08.6101 INFO loading sounds.steps.womanstep.7.ogg sound
2020-02-10 23:30:08.6101 INFO sounds.steps.womanstep.7.ogg sound was loaded previously. returning kached data
2020-02-10 23:30:09.1096 INFO loading sounds.steps.womanstep.6.ogg sound
2020-02-10 23:30:09.1096 INFO sounds.steps.womanstep.6.ogg sound was loaded previously. returning kached data
2020-02-10 23:30:09.6098 INFO loading sounds.steps.womanstep.13.ogg sound
2020-02-10 23:30:09.6098 INFO sounds.steps.womanstep.13.ogg sound was loaded previously. returning kached data
2020-02-10 23:30:10.1099 INFO loading sounds.steps.womanstep.13.ogg sound
2020-02-10 23:30:10.1099 INFO sounds.steps.womanstep.13.ogg sound was loaded previously. returning kached data
2020-02-10 23:30:10.6097 INFO loading sounds.steps.womanstep.13.ogg sound
2020-02-10 23:30:10.6097 INFO sounds.steps.womanstep.13.ogg sound was loaded previously. returning kached data
2020-02-10 23:30:11.1097 INFO loading sounds.steps.womanstep.3.ogg sound
2020-02-10 23:30:11.1097 INFO sounds.steps.womanstep.3.ogg sound was loaded previously. returning kached data
2020-02-10 23:30:11.6100 INFO loading sounds.steps.womanstep.3.ogg sound
2020-02-10 23:30:11.6100 INFO sounds.steps.womanstep.3.ogg sound was loaded previously. returning kached data
2020-02-10 23:30:12.1098 INFO loading sounds.steps.womanstep.2.ogg sound
2020-02-10 23:30:12.1098 INFO sounds.steps.womanstep.2.ogg sound was loaded previously. returning kached data
2020-02-10 23:30:12.6096 INFO loading sounds.steps.womanstep.7.ogg sound
2020-02-10 23:30:12.6096 INFO sounds.steps.womanstep.7.ogg sound was loaded previously. returning kached data
2020-02-10 23:30:14.3101 INFO loading sounds.steps.womanstep.7.ogg sound
2020-02-10 23:30:14.3101 INFO sounds.steps.womanstep.7.ogg sound was loaded previously. returning kached data
2020-02-10 23:30:14.8096 INFO loading sounds.steps.womanstep.13.ogg sound
2020-02-10 23:30:14.8096 INFO sounds.steps.womanstep.13.ogg sound was loaded previously. returning kached data
2020-02-10 23:30:15.0928 INFO loading sounds.steps.womanstep.4.ogg sound
2020-02-10 23:30:15.0928 INFO sounds.steps.womanstep.4.ogg sound was loaded previously. returning kached data
2020-02-10 23:30:15.5925 INFO loading sounds.steps.womanstep.2.ogg sound
2020-02-10 23:30:15.5925 INFO sounds.steps.womanstep.2.ogg sound was loaded previously. returning kached data
2020-02-10 23:30:16.0931 INFO loading sounds.steps.womanstep.11.ogg sound
2020-02-10 23:30:16.0931 INFO sounds.steps.womanstep.11.ogg sound was loaded previously. returning kached data
2020-02-10 23:30:16.5931 INFO loading sounds.steps.womanstep.7.ogg sound
2020-02-10 23:30:16.5931 INFO sounds.steps.womanstep.7.ogg sound was loaded previously. returning kached data
2020-02-10 23:30:17.0926 INFO loading sounds.steps.womanstep.6.ogg sound
2020-02-10 23:30:17.0926 INFO sounds.steps.womanstep.6.ogg sound was loaded previously. returning kached data
2020-02-10 23:30:17.5933 INFO loading sounds.steps.womanstep.3.ogg sound
2020-02-10 23:30:17.5933 INFO sounds.steps.womanstep.3.ogg sound was loaded previously. returning kached data
2020-02-10 23:30:18.5591 INFO loading sounds.steps.womanstep.9.ogg sound
2020-02-10 23:30:18.5591 INFO sounds.steps.womanstep.9.ogg sound was loaded previously. returning kached data
2020-02-10 23:30:18.9100 ERROR problems excecuting a fmod function at disconnecting source DSP step ERR_CHANNEL_STOLEN
2020-02-10 23:30:18.9100 ERROR problems excecuting a fmod function at releasing source dsp step ERR_INVALID_HANDLE
2020-02-10 23:30:18.9100 ERROR problems excecuting a fmod function at disconnecting source DSP step ERR_CHANNEL_STOLEN
2020-02-10 23:30:18.9100 ERROR problems excecuting a fmod function at releasing source dsp step ERR_INVALID_HANDLE
2020-02-10 23:30:18.9100 ERROR problems excecuting a fmod function at disconnecting source DSP step ERR_CHANNEL_STOLEN
2020-02-10 23:30:18.9100 ERROR problems excecuting a fmod function at releasing source dsp step ERR_INVALID_HANDLE
2020-02-10 23:30:18.9100 ERROR problems excecuting a fmod function at disconnecting source DSP step ERR_CHANNEL_STOLEN
2020-02-10 23:30:18.9100 ERROR problems excecuting a fmod function at disconnecting source DSP step ERR_INVALID_HANDLE
2020-02-10 23:30:18.9100 ERROR problems excecuting a fmod function at releasing source dsp step ERR_INVALID_HANDLE
2020-02-10 23:30:18.9100 ERROR problems excecuting a fmod function at disconnecting source DSP step ERR_INVALID_HANDLE
2020-02-10 23:30:18.9100 ERROR problems excecuting a fmod function at releasing source dsp step ERR_INVALID_HANDLE
2020-02-10 23:30:18.9168 ERROR problems excecuting a fmod function at disconnecting source DSP step ERR_INVALID_HANDLE
2020-02-10 23:30:18.9168 ERROR problems excecuting a fmod function at releasing source dsp step ERR_INVALID_HANDLE
2020-02-10 23:30:18.9168 ERROR problems excecuting a fmod function at disconnecting source DSP step ERR_CHANNEL_STOLEN
2020-02-10 23:30:18.9168 ERROR problems excecuting a fmod function at disconnecting source DSP step ERR_CHANNEL_STOLEN
2020-02-10 23:30:18.9168 ERROR problems excecuting a fmod function at releasing source dsp step ERR_INVALID_HANDLE
2020-02-10 23:30:18.9168 ERROR problems excecuting a fmod function at disconnecting source DSP step ERR_CHANNEL_STOLEN
2020-02-10 23:30:18.9168 ERROR problems excecuting a fmod function at releasing source dsp step ERR_INVALID_HANDLE
2020-02-10 23:30:18.9168 ERROR problems excecuting a fmod function at disconnecting source DSP step ERR_CHANNEL_STOLEN
2020-02-10 23:30:18.9168 ERROR problems excecuting a fmod function at releasing source dsp step ERR_INVALID_HANDLE
2020-02-10 23:30:18.9168 ERROR problems excecuting a fmod function at disconnecting source DSP step ERR_CHANNEL_STOLEN
2020-02-10 23:30:18.9168 ERROR problems excecuting a fmod function at releasing source dsp step ERR_INVALID_HANDLE
2020-02-10 23:30:18.9168 ERROR problems excecuting a fmod function at disconnecting source DSP step ERR_CHANNEL_STOLEN
2020-02-10 23:30:18.9168 ERROR problems excecuting a fmod function at releasing source dsp step ERR_INVALID_HANDLE
2020-02-10 23:30:18.9168 ERROR problems excecuting a fmod function at disconnecting source DSP step ERR_CHANNEL_STOLEN
2020-02-10 23:30:18.9168 ERROR problems excecuting a fmod function at releasing source dsp step ERR_INVALID_HANDLE
2020-02-10 23:30:18.9168 ERROR problems excecuting a fmod function at disconnecting source DSP step ERR_CHANNEL_STOLEN
2020-02-10 23:30:18.9168 ERROR problems excecuting a fmod function at releasing source dsp step ERR_INVALID_HANDLE
2020-02-10 23:30:18.9168 ERROR problems excecuting a fmod function at disconnecting source DSP step ERR_CHANNEL_STOLEN
2020-02-10 23:30:18.9168 ERROR problems excecuting a fmod function at releasing source dsp step ERR_INVALID_HANDLE
2020-02-10 23:30:18.9168 ERROR problems excecuting a fmod function at disconnecting source DSP step ERR_CHANNEL_STOLEN
2020-02-10 23:30:18.9168 ERROR problems excecuting a fmod function at releasing source dsp step ERR_INVALID_HANDLE
2020-02-10 23:30:18.9322 ERROR problems excecuting a fmod function at disconnecting source DSP step ERR_CHANNEL_STOLEN
2020-02-10 23:30:18.9322 ERROR problems excecuting a fmod function at releasing source dsp step ERR_INVALID_HANDLE
2020-02-10 23:30:18.9322 ERROR problems excecuting a fmod function at disconnecting source DSP step ERR_CHANNEL_STOLEN
2020-02-10 23:30:18.9322 ERROR problems excecuting a fmod function at releasing source dsp step ERR_INVALID_HANDLE
2020-02-10 23:30:18.9322 ERROR problems excecuting a fmod function at disconnecting source DSP step ERR_CHANNEL_STOLEN
2020-02-10 23:30:18.9322 ERROR problems excecuting a fmod function at releasing source dsp step ERR_INVALID_HANDLE
2020-02-10 23:30:18.9322 ERROR problems excecuting a fmod function at disconnecting source DSP step ERR_CHANNEL_STOLEN
2020-02-10 23:30:18.9322 ERROR problems excecuting a fmod function at releasing source dsp step ERR_INVALID_HANDLE
2020-02-10 23:30:18.9322 ERROR problems excecuting a fmod function at disconnecting source DSP step ERR_CHANNEL_STOLEN
2020-02-10 23:30:18.9322 ERROR problems excecuting a fmod function at releasing source dsp step ERR_INVALID_HANDLE
2020-02-10 23:30:18.9322 ERROR problems excecuting a fmod function at disconnecting source DSP step ERR_CHANNEL_STOLEN
2020-02-10 23:30:18.9322 ERROR problems excecuting a fmod function at releasing source dsp step ERR_INVALID_HANDLE
2020-02-10 23:30:18.9322 ERROR problems excecuting a fmod function at disconnecting source DSP step ERR_CHANNEL_STOLEN
2020-02-10 23:30:18.9322 ERROR problems excecuting a fmod function at releasing source dsp step ERR_INVALID_HANDLE
2020-02-10 23:30:18.9322 ERROR problems excecuting a fmod function at disconnecting source DSP step ERR_CHANNEL_STOLEN
2020-02-10 23:30:18.9322 ERROR problems excecuting a fmod function at releasing source dsp step ERR_INVALID_HANDLE
2020-02-10 23:30:18.9322 ERROR problems excecuting a fmod function at disconnecting source DSP step ERR_INVALID_HANDLE
2020-02-10 23:30:18.9478 ERROR problems excecuting a fmod function at releasing source dsp step ERR_INVALID_HANDLE
2020-02-10 23:30:18.9478 ERROR problems excecuting a fmod function at disconnecting source DSP step ERR_CHANNEL_STOLEN
2020-02-10 23:30:18.9478 ERROR problems excecuting a fmod function at releasing source dsp step ERR_INVALID_HANDLE
2020-02-10 23:30:18.9478 ERROR problems excecuting a fmod function at disconnecting source DSP step ERR_CHANNEL_STOLEN
2020-02-10 23:30:18.9478 ERROR problems excecuting a fmod function at releasing source dsp step ERR_INVALID_HANDLE
2020-02-10 23:30:18.9478 ERROR problems excecuting a fmod function at disconnecting source DSP step ERR_CHANNEL_STOLEN
2020-02-10 23:30:18.9478 ERROR problems excecuting a fmod function at releasing source dsp step ERR_INVALID_HANDLE
2020-02-10 23:30:18.9478 ERROR problems excecuting a fmod function at disconnecting source DSP step ERR_CHANNEL_STOLEN
2020-02-10 23:30:18.9478 ERROR problems excecuting a fmod function at releasing source dsp step ERR_INVALID_HANDLE
2020-02-10 23:30:18.9478 ERROR problems excecuting a fmod function at disconnecting source DSP step ERR_CHANNEL_STOLEN
2020-02-10 23:30:18.9478 ERROR problems excecuting a fmod function at releasing source dsp step ERR_INVALID_HANDLE
2020-02-10 23:30:19.2924 ERROR problems excecuting a fmod function at releasing source dsp step ERR_INVALID_HANDLE
2020-02-10 23:30:20.1424 ERROR problems excecuting a fmod function at releasing source dsp step ERR_INVALID_HANDLE
2020-02-10 23:30:20.6760 INFO loading sounds.steps.womanstep.3.ogg sound
2020-02-10 23:30:20.6760 INFO sounds.steps.womanstep.3.ogg sound was loaded previously. returning kached data
2020-02-10 23:30:48.0767 INFO loading sounds.steps.womanstep.6.ogg sound
2020-02-10 23:30:48.0767 INFO sounds.steps.womanstep.6.ogg sound was loaded previously. returning kached data
2020-02-10 23:30:48.5766 INFO loading sounds.steps.womanstep.11.ogg sound
2020-02-10 23:30:48.5766 INFO sounds.steps.womanstep.11.ogg sound was loaded previously. returning kached data
2020-02-10 23:30:49.6593 INFO loading sounds.steps.womanstep.12.ogg sound
2020-02-10 23:30:49.6593 INFO sounds.steps.womanstep.12.ogg sound was loaded previously. returning kached data
2020-02-10 23:30:50.7599 ERROR problems excecuting a fmod function at disconnecting source DSP step ERR_CHANNEL_STOLEN
2020-02-10 23:30:50.7609 ERROR problems excecuting a fmod function at releasing source dsp step ERR_INVALID_HANDLE
2020-02-10 23:30:50.7609 ERROR problems excecuting a fmod function at disconnecting source DSP step ERR_INVALID_HANDLE
2020-02-10 23:30:50.7609 ERROR problems excecuting a fmod function at releasing source dsp step ERR_INVALID_HANDLE
2020-02-10 23:38:44.0171 INFO logSystem started at 10/02/2020 23:38:44
2020-02-10 23:38:44.0933 INFO starting exploud engine
2020-02-10 23:38:44.5032 DEBUG loading oculus spatializer with 1024 buffer lenght, and 4 num of samples 
2020-02-10 23:38:44.7259 DEBUG plugins loaded
2020-02-10 23:38:45.2428 INFO loading sounds.doors.door1.wall.mp3 sound
2020-02-10 23:38:45.2618 INFO sounds.doors.door1.wall.mp3 sound loaded
2020-02-10 23:38:45.2618 INFO loading sounds.doors.door1.open.mp3 sound
2020-02-10 23:38:45.2618 INFO sounds.doors.door1.open.mp3 sound loaded
2020-02-10 23:38:45.2828 INFO loading sounds.doors.door1.close.mp3 sound
2020-02-10 23:38:45.3449 INFO sounds.doors.door1.close.mp3 sound loaded
2020-02-10 23:38:45.3600 INFO loading sounds.doors.door1.loop.mp3 sound
2020-02-10 23:38:45.4880 INFO sounds.doors.door1.loop.mp3 sound loaded
2020-02-10 23:38:45.5222 INFO loading sounds.window.loop.mp3 sound
2020-02-10 23:38:46.4434 INFO sounds.window.loop.mp3 sound loaded
2020-02-10 23:38:47.1891 INFO loading sounds.steps.womanstep.4.ogg sound
2020-02-10 23:38:47.1979 INFO sounds.steps.womanstep.4.ogg sound loaded
2020-02-10 23:38:47.6830 INFO loading sounds.steps.womanstep.1.ogg sound
2020-02-10 23:38:47.6830 INFO sounds.steps.womanstep.1.ogg sound loaded
2020-02-10 23:38:48.1910 INFO loading sounds.steps.womanstep.12.ogg sound
2020-02-10 23:38:48.2027 INFO sounds.steps.womanstep.12.ogg sound loaded
2020-02-10 23:38:48.6908 INFO loading sounds.steps.womanstep.6.ogg sound
2020-02-10 23:38:48.6908 INFO sounds.steps.womanstep.6.ogg sound loaded
2020-02-10 23:39:06.1049 INFO loading sounds.steps.womanstep.10.ogg sound
2020-02-10 23:39:06.1049 INFO sounds.steps.womanstep.10.ogg sound loaded
2020-02-10 23:39:06.6053 INFO loading sounds.steps.womanstep.1.ogg sound
2020-02-10 23:39:06.6053 INFO sounds.steps.womanstep.1.ogg sound was loaded previously. returning kached data
2020-02-10 23:39:07.1051 INFO loading sounds.steps.womanstep.13.ogg sound
2020-02-10 23:39:07.1051 INFO sounds.steps.womanstep.13.ogg sound loaded
2020-02-10 23:39:07.6055 INFO loading sounds.steps.womanstep.3.ogg sound
2020-02-10 23:39:07.6055 INFO sounds.steps.womanstep.3.ogg sound loaded
2020-02-10 23:39:08.1073 INFO loading sounds.steps.womanstep.5.ogg sound
2020-02-10 23:39:08.1073 INFO sounds.steps.womanstep.5.ogg sound loaded
2020-02-10 23:39:08.6040 INFO loading sounds.steps.womanstep.6.ogg sound
2020-02-10 23:39:08.6040 INFO sounds.steps.womanstep.6.ogg sound was loaded previously. returning kached data
2020-02-10 23:39:08.9134 ERROR problems excecuting a fmod function at disconnecting source DSP step ERR_CHANNEL_STOLEN
2020-02-10 23:39:08.9134 ERROR problems excecuting a fmod function at releasing source dsp step ERR_INVALID_HANDLE
2020-02-10 23:39:08.9163 ERROR problems excecuting a fmod function at disconnecting source DSP step ERR_CHANNEL_STOLEN
2020-02-10 23:39:08.9163 ERROR problems excecuting a fmod function at releasing source dsp step ERR_INVALID_HANDLE
2020-02-10 23:39:08.9163 ERROR problems excecuting a fmod function at disconnecting source DSP step ERR_CHANNEL_STOLEN
2020-02-10 23:39:08.9163 ERROR problems excecuting a fmod function at releasing source dsp step ERR_INVALID_HANDLE
2020-02-10 23:39:08.9163 ERROR problems excecuting a fmod function at disconnecting source DSP step ERR_CHANNEL_STOLEN
2020-02-10 23:39:08.9163 ERROR problems excecuting a fmod function at disconnecting source DSP step ERR_CHANNEL_STOLEN
2020-02-10 23:39:08.9163 ERROR problems excecuting a fmod function at releasing source dsp step ERR_INVALID_HANDLE
2020-02-10 23:39:08.9163 ERROR problems excecuting a fmod function at disconnecting source DSP step ERR_CHANNEL_STOLEN
2020-02-10 23:39:09.0998 INFO loading sounds.steps.womanstep.7.ogg sound
2020-02-10 23:39:09.1063 INFO sounds.steps.womanstep.7.ogg sound loaded
2020-02-10 23:39:09.1993 INFO loading sounds.wallswoodwall.wav sound
2020-02-10 23:39:09.1993 ERROR problems excecuting a fmod function at non detailed. step ERR_FILE_NOTFOUND
2020-02-10 23:39:09.1993 INFO sounds.wallswoodwall.wav sound loaded
2020-02-10 23:39:09.1993 ERROR problems excecuting a fmod function at non detailed. step ERR_INVALID_PARAM
2020-02-10 23:39:09.1993 ERROR problems excecuting a fmod function at non detailed. step ERR_INVALID_PARAM
2020-02-10 23:39:09.1993 ERROR problems excecuting a fmod function at non detailed. step ERR_INVALID_PARAM
2020-02-10 23:39:09.1993 ERROR problems excecuting a fmod function at non detailed. step ERR_INVALID_PARAM
2020-02-10 23:39:09.1993 ERROR problems excecuting a fmod function at disconnecting source DSP step ERR_INVALID_PARAM
2020-02-10 23:39:09.1993 ERROR problems excecuting a fmod function at non detailed. step ERR_INVALID_PARAM
2020-02-10 23:39:09.1993 ERROR problems excecuting a fmod function at non detailed. step ERR_INVALID_PARAM
2020-02-10 23:39:09.1993 ERROR problems excecuting a fmod function at non detailed. step ERR_INVALID_PARAM
2020-02-10 23:39:09.1993 ERROR problems excecuting a fmod function at disconnecting source DSP step ERR_INVALID_PARAM
2020-02-10 23:39:09.3167 ERROR problems excecuting a fmod function at releasing source dsp step ERR_INVALID_HANDLE
2020-02-10 23:39:09.6995 INFO loading sounds.wallswoodwall.wav sound
2020-02-10 23:39:09.6995 INFO sounds.wallswoodwall.wav sound was loaded previously. returning kached data
2020-02-10 23:39:09.6995 ERROR problems excecuting a fmod function at non detailed. step ERR_INVALID_PARAM
2020-02-10 23:39:09.6995 ERROR problems excecuting a fmod function at non detailed. step ERR_INVALID_PARAM
2020-02-10 23:39:09.6995 ERROR problems excecuting a fmod function at non detailed. step ERR_INVALID_PARAM
2020-02-10 23:39:09.6995 ERROR problems excecuting a fmod function at non detailed. step ERR_INVALID_PARAM
2020-02-10 23:39:09.6995 ERROR problems excecuting a fmod function at disconnecting source DSP step ERR_INVALID_PARAM
2020-02-10 23:39:09.6995 ERROR problems excecuting a fmod function at non detailed. step ERR_INVALID_PARAM
2020-02-10 23:39:09.6995 ERROR problems excecuting a fmod function at non detailed. step ERR_INVALID_PARAM
2020-02-10 23:39:09.6995 ERROR problems excecuting a fmod function at non detailed. step ERR_INVALID_PARAM
2020-02-10 23:39:09.6995 ERROR problems excecuting a fmod function at disconnecting source DSP step ERR_INVALID_PARAM
2020-02-10 23:39:10.1998 INFO loading sounds.wallswoodwall.wav sound
2020-02-10 23:39:10.1998 INFO sounds.wallswoodwall.wav sound was loaded previously. returning kached data
2020-02-10 23:39:10.1998 ERROR problems excecuting a fmod function at non detailed. step ERR_INVALID_PARAM
2020-02-10 23:39:10.1998 ERROR problems excecuting a fmod function at non detailed. step ERR_INVALID_PARAM
2020-02-10 23:39:10.1998 ERROR problems excecuting a fmod function at non detailed. step ERR_INVALID_PARAM
2020-02-10 23:39:10.1998 ERROR problems excecuting a fmod function at non detailed. step ERR_INVALID_PARAM
2020-02-10 23:39:10.1998 ERROR problems excecuting a fmod function at disconnecting source DSP step ERR_INVALID_PARAM
2020-02-10 23:39:10.1998 ERROR problems excecuting a fmod function at non detailed. step ERR_INVALID_PARAM
2020-02-10 23:39:10.1998 ERROR problems excecuting a fmod function at non detailed. step ERR_INVALID_PARAM
2020-02-10 23:39:10.1998 ERROR problems excecuting a fmod function at non detailed. step ERR_INVALID_PARAM
2020-02-10 23:39:10.1998 ERROR problems excecuting a fmod function at disconnecting source DSP step ERR_INVALID_PARAM
2020-02-10 23:39:10.3335 ERROR problems excecuting a fmod function at releasing source dsp step ERR_INVALID_HANDLE
2020-02-10 23:39:10.6997 INFO loading sounds.wallswoodwall.wav sound
2020-02-10 23:39:10.6997 INFO sounds.wallswoodwall.wav sound was loaded previously. returning kached data
2020-02-10 23:39:10.6997 ERROR problems excecuting a fmod function at non detailed. step ERR_INVALID_PARAM
2020-02-10 23:39:10.6997 ERROR problems excecuting a fmod function at non detailed. step ERR_INVALID_PARAM
2020-02-10 23:39:10.6997 ERROR problems excecuting a fmod function at non detailed. step ERR_INVALID_PARAM
2020-02-10 23:39:10.6997 ERROR problems excecuting a fmod function at non detailed. step ERR_INVALID_PARAM
2020-02-10 23:39:10.6997 ERROR problems excecuting a fmod function at disconnecting source DSP step ERR_INVALID_PARAM
2020-02-10 23:39:10.6997 ERROR problems excecuting a fmod function at non detailed. step ERR_INVALID_PARAM
2020-02-10 23:39:10.6997 ERROR problems excecuting a fmod function at non detailed. step ERR_INVALID_PARAM
2020-02-10 23:39:10.6997 ERROR problems excecuting a fmod function at non detailed. step ERR_INVALID_PARAM
2020-02-10 23:39:10.6997 ERROR problems excecuting a fmod function at disconnecting source DSP step ERR_INVALID_PARAM
2020-02-10 23:39:11.2000 INFO loading sounds.wallswoodwall.wav sound
2020-02-10 23:39:11.2000 INFO sounds.wallswoodwall.wav sound was loaded previously. returning kached data
2020-02-10 23:39:11.2000 ERROR problems excecuting a fmod function at non detailed. step ERR_INVALID_PARAM
2020-02-10 23:39:11.2000 ERROR problems excecuting a fmod function at non detailed. step ERR_INVALID_PARAM
2020-02-10 23:39:11.2000 ERROR problems excecuting a fmod function at non detailed. step ERR_INVALID_PARAM
2020-02-10 23:39:11.2000 ERROR problems excecuting a fmod function at non detailed. step ERR_INVALID_PARAM
2020-02-10 23:39:11.2000 ERROR problems excecuting a fmod function at disconnecting source DSP step ERR_INVALID_PARAM
2020-02-10 23:39:11.2000 ERROR problems excecuting a fmod function at non detailed. step ERR_INVALID_PARAM
2020-02-10 23:39:11.2000 ERROR problems excecuting a fmod function at non detailed. step ERR_INVALID_PARAM
2020-02-10 23:39:11.2000 ERROR problems excecuting a fmod function at non detailed. step ERR_INVALID_PARAM
2020-02-10 23:39:11.2000 ERROR problems excecuting a fmod function at disconnecting source DSP step ERR_INVALID_PARAM
2020-02-10 23:39:11.6993 INFO loading sounds.wallswoodwall.wav sound
2020-02-10 23:39:11.6993 INFO sounds.wallswoodwall.wav sound was loaded previously. returning kached data
2020-02-10 23:39:11.6993 ERROR problems excecuting a fmod function at non detailed. step ERR_INVALID_PARAM
2020-02-10 23:39:11.6993 ERROR problems excecuting a fmod function at non detailed. step ERR_INVALID_PARAM
2020-02-10 23:39:11.6993 ERROR problems excecuting a fmod function at non detailed. step ERR_INVALID_PARAM
2020-02-10 23:39:11.6993 ERROR problems excecuting a fmod function at non detailed. step ERR_INVALID_PARAM
2020-02-10 23:39:11.6993 ERROR problems excecuting a fmod function at disconnecting source DSP step ERR_INVALID_PARAM
2020-02-10 23:39:11.6993 ERROR problems excecuting a fmod function at non detailed. step ERR_INVALID_PARAM
2020-02-10 23:39:11.6993 ERROR problems excecuting a fmod function at non detailed. step ERR_INVALID_PARAM
2020-02-10 23:39:11.6993 ERROR problems excecuting a fmod function at non detailed. step ERR_INVALID_PARAM
2020-02-10 23:39:11.6993 ERROR problems excecuting a fmod function at disconnecting source DSP step ERR_INVALID_PARAM
2020-02-10 23:39:12.1996 INFO loading sounds.wallswoodwall.wav sound
2020-02-10 23:39:12.1996 INFO sounds.wallswoodwall.wav sound was loaded previously. returning kached data
2020-02-10 23:39:12.1996 ERROR problems excecuting a fmod function at non detailed. step ERR_INVALID_PARAM
2020-02-10 23:39:12.1996 ERROR problems excecuting a fmod function at non detailed. step ERR_INVALID_PARAM
2020-02-10 23:39:12.1996 ERROR problems excecuting a fmod function at non detailed. step ERR_INVALID_PARAM
2020-02-10 23:39:12.1996 ERROR problems excecuting a fmod function at non detailed. step ERR_INVALID_PARAM
2020-02-10 23:39:12.1996 ERROR problems excecuting a fmod function at disconnecting source DSP step ERR_INVALID_PARAM
2020-02-10 23:39:12.1996 ERROR problems excecuting a fmod function at non detailed. step ERR_INVALID_PARAM
2020-02-10 23:39:12.1996 ERROR problems excecuting a fmod function at non detailed. step ERR_INVALID_PARAM
2020-02-10 23:39:12.1996 ERROR problems excecuting a fmod function at non detailed. step ERR_INVALID_PARAM
2020-02-10 23:39:12.1996 ERROR problems excecuting a fmod function at disconnecting source DSP step ERR_INVALID_PARAM
2020-02-10 23:39:19.1331 INFO loading sounds.wallswoodwall.wav sound
2020-02-10 23:39:19.1331 INFO sounds.wallswoodwall.wav sound was loaded previously. returning kached data
2020-02-10 23:39:19.1361 ERROR problems excecuting a fmod function at non detailed. step ERR_INVALID_PARAM
2020-02-10 23:39:19.1361 ERROR problems excecuting a fmod function at non detailed. step ERR_INVALID_PARAM
2020-02-10 23:39:19.1361 ERROR problems excecuting a fmod function at non detailed. step ERR_INVALID_PARAM
2020-02-10 23:39:19.1361 ERROR problems excecuting a fmod function at non detailed. step ERR_INVALID_PARAM
2020-02-10 23:39:19.1361 ERROR problems excecuting a fmod function at disconnecting source DSP step ERR_INVALID_PARAM
2020-02-10 23:39:19.1361 ERROR problems excecuting a fmod function at non detailed. step ERR_INVALID_PARAM
2020-02-10 23:39:19.1361 ERROR problems excecuting a fmod function at non detailed. step ERR_INVALID_PARAM
2020-02-10 23:39:19.1361 ERROR problems excecuting a fmod function at non detailed. step ERR_INVALID_PARAM
2020-02-10 23:39:19.1361 ERROR problems excecuting a fmod function at disconnecting source DSP step ERR_INVALID_PARAM
2020-02-10 23:39:19.6328 INFO loading sounds.wallswoodwall.wav sound
2020-02-10 23:39:19.6328 INFO sounds.wallswoodwall.wav sound was loaded previously. returning kached data
2020-02-10 23:39:19.6357 ERROR problems excecuting a fmod function at non detailed. step ERR_INVALID_PARAM
2020-02-10 23:39:19.6357 ERROR problems excecuting a fmod function at non detailed. step ERR_INVALID_PARAM
2020-02-10 23:39:19.6357 ERROR problems excecuting a fmod function at non detailed. step ERR_INVALID_PARAM
2020-02-10 23:39:19.6357 ERROR problems excecuting a fmod function at non detailed. step ERR_INVALID_PARAM
2020-02-10 23:39:19.6357 ERROR problems excecuting a fmod function at disconnecting source DSP step ERR_INVALID_PARAM
2020-02-10 23:39:19.6357 ERROR problems excecuting a fmod function at non detailed. step ERR_INVALID_PARAM
2020-02-10 23:39:19.6357 ERROR problems excecuting a fmod function at non detailed. step ERR_INVALID_PARAM
2020-02-10 23:39:19.6357 ERROR problems excecuting a fmod function at non detailed. step ERR_INVALID_PARAM
2020-02-10 23:39:19.6357 ERROR problems excecuting a fmod function at disconnecting source DSP step ERR_INVALID_PARAM
2020-02-10 23:39:20.1335 INFO loading sounds.wallswoodwall.wav sound
2020-02-10 23:39:20.1335 INFO sounds.wallswoodwall.wav sound was loaded previously. returning kached data
2020-02-10 23:39:20.1353 ERROR problems excecuting a fmod function at non detailed. step ERR_INVALID_PARAM
2020-02-10 23:39:20.1353 ERROR problems excecuting a fmod function at non detailed. step ERR_INVALID_PARAM
2020-02-10 23:39:20.1353 ERROR problems excecuting a fmod function at non detailed. step ERR_INVALID_PARAM
2020-02-10 23:39:20.1353 ERROR problems excecuting a fmod function at non detailed. step ERR_INVALID_PARAM
2020-02-10 23:39:20.1353 ERROR problems excecuting a fmod function at disconnecting source DSP step ERR_INVALID_PARAM
2020-02-10 23:39:20.1353 ERROR problems excecuting a fmod function at non detailed. step ERR_INVALID_PARAM
2020-02-10 23:39:20.1353 ERROR problems excecuting a fmod function at non detailed. step ERR_INVALID_PARAM
2020-02-10 23:39:20.1353 ERROR problems excecuting a fmod function at non detailed. step ERR_INVALID_PARAM
2020-02-10 23:39:20.1353 ERROR problems excecuting a fmod function at disconnecting source DSP step ERR_INVALID_PARAM
2020-02-10 23:39:20.6333 INFO loading sounds.wallswoodwall.wav sound
2020-02-10 23:39:20.6333 INFO sounds.wallswoodwall.wav sound was loaded previously. returning kached data
2020-02-10 23:39:20.6352 ERROR problems excecuting a fmod function at non detailed. step ERR_INVALID_PARAM
2020-02-10 23:39:20.6352 ERROR problems excecuting a fmod function at non detailed. step ERR_INVALID_PARAM
2020-02-10 23:39:20.6352 ERROR problems excecuting a fmod function at non detailed. step ERR_INVALID_PARAM
2020-02-10 23:39:20.6352 ERROR problems excecuting a fmod function at non detailed. step ERR_INVALID_PARAM
2020-02-10 23:39:20.6352 ERROR problems excecuting a fmod function at disconnecting source DSP step ERR_INVALID_PARAM
2020-02-10 23:39:20.6352 ERROR problems excecuting a fmod function at non detailed. step ERR_INVALID_PARAM
2020-02-10 23:39:20.6352 ERROR problems excecuting a fmod function at non detailed. step ERR_INVALID_PARAM
2020-02-10 23:39:20.6352 ERROR problems excecuting a fmod function at non detailed. step ERR_INVALID_PARAM
2020-02-10 23:39:20.6352 ERROR problems excecuting a fmod function at disconnecting source DSP step ERR_INVALID_PARAM
2020-02-10 23:40:38.8558 INFO logSystem started at 10/02/2020 23:40:38
2020-02-10 23:40:38.9198 INFO starting exploud engine
2020-02-10 23:40:39.4518 DEBUG loading oculus spatializer with 1024 buffer lenght, and 4 num of samples 
2020-02-10 23:40:39.9081 DEBUG plugins loaded
2020-02-10 23:40:40.1879 INFO loading sounds.doors.door1.wall.mp3 sound
2020-02-10 23:40:40.2084 INFO sounds.doors.door1.wall.mp3 sound loaded
2020-02-10 23:40:40.2162 INFO loading sounds.doors.door1.open.mp3 sound
2020-02-10 23:40:40.2494 INFO sounds.doors.door1.open.mp3 sound loaded
2020-02-10 23:40:40.2494 INFO loading sounds.doors.door1.close.mp3 sound
2020-02-10 23:40:40.2846 INFO sounds.doors.door1.close.mp3 sound loaded
2020-02-10 23:40:40.3060 INFO loading sounds.doors.door1.loop.mp3 sound
2020-02-10 23:40:40.4271 INFO sounds.doors.door1.loop.mp3 sound loaded
2020-02-10 23:40:40.4413 INFO loading sounds.window.loop.mp3 sound
2020-02-10 23:40:41.0068 INFO sounds.window.loop.mp3 sound loaded
2020-02-10 23:41:07.1793 INFO loading sounds.steps.womanstep.10.ogg sound
2020-02-10 23:41:07.1842 INFO sounds.steps.womanstep.10.ogg sound loaded
2020-02-10 23:41:07.6788 INFO loading sounds.steps.womanstep.7.ogg sound
2020-02-10 23:41:07.6857 INFO sounds.steps.womanstep.7.ogg sound loaded
2020-02-10 23:41:08.1791 INFO loading sounds.steps.womanstep.7.ogg sound
2020-02-10 23:41:08.1791 INFO sounds.steps.womanstep.7.ogg sound was loaded previously. returning kached data
2020-02-10 23:41:08.6793 INFO loading sounds.steps.womanstep.4.ogg sound
2020-02-10 23:41:08.6832 INFO sounds.steps.womanstep.4.ogg sound loaded
2020-02-10 23:41:09.1796 INFO loading sounds.steps.womanstep.8.ogg sound
2020-02-10 23:41:09.1835 INFO sounds.steps.womanstep.8.ogg sound loaded
2020-02-10 23:41:09.5725 ERROR problems excecuting a fmod function at disconnecting source DSP step ERR_CHANNEL_STOLEN
2020-02-10 23:41:09.5735 ERROR problems excecuting a fmod function at releasing source dsp step ERR_INVALID_HANDLE
2020-02-10 23:41:09.5735 ERROR problems excecuting a fmod function at disconnecting source DSP step ERR_INVALID_HANDLE
2020-02-10 23:41:09.5735 ERROR problems excecuting a fmod function at releasing source dsp step ERR_INVALID_HANDLE
2020-02-10 23:41:09.6792 INFO loading sounds.steps.womanstep.7.ogg sound
2020-02-10 23:41:09.6792 INFO sounds.steps.womanstep.7.ogg sound was loaded previously. returning kached data
2020-02-10 23:41:10.1790 INFO loading sounds.steps.womanstep.2.ogg sound
2020-02-10 23:41:10.1849 INFO sounds.steps.womanstep.2.ogg sound loaded
2020-02-10 23:41:10.2789 INFO loading sounds.walls.woodwall.wav sound
2020-02-10 23:41:10.3711 INFO sounds.walls.woodwall.wav sound loaded
2020-02-10 23:41:10.7885 INFO loading sounds.walls.woodwall.wav sound
2020-02-10 23:41:10.7885 INFO sounds.walls.woodwall.wav sound was loaded previously. returning kached data
2020-02-10 23:41:11.2886 INFO loading sounds.walls.woodwall.wav sound
2020-02-10 23:41:11.2886 INFO sounds.walls.woodwall.wav sound was loaded previously. returning kached data
2020-02-10 23:41:11.7886 INFO loading sounds.walls.woodwall.wav sound
2020-02-10 23:41:11.7886 INFO sounds.walls.woodwall.wav sound was loaded previously. returning kached data
2020-02-10 23:41:12.2887 INFO loading sounds.walls.woodwall.wav sound
2020-02-10 23:41:12.2887 INFO sounds.walls.woodwall.wav sound was loaded previously. returning kached data
2020-02-10 23:41:19.8376 INFO loading sounds.steps.womanstep.7.ogg sound
2020-02-10 23:41:19.8384 INFO sounds.steps.womanstep.7.ogg sound was loaded previously. returning kached data
2020-02-10 23:41:23.2708 INFO loading sounds.steps.womanstep.4.ogg sound
2020-02-10 23:41:23.2708 INFO sounds.steps.womanstep.4.ogg sound was loaded previously. returning kached data
2020-02-10 23:41:23.7701 INFO loading sounds.steps.womanstep.2.ogg sound
2020-02-10 23:41:23.7701 INFO sounds.steps.womanstep.2.ogg sound was loaded previously. returning kached data
2020-02-10 23:41:24.2703 INFO loading sounds.steps.womanstep.1.ogg sound
2020-02-10 23:41:24.2703 INFO sounds.steps.womanstep.1.ogg sound loaded
2020-02-10 23:41:24.7701 INFO loading sounds.steps.womanstep.10.ogg sound
2020-02-10 23:41:24.7701 INFO sounds.steps.womanstep.10.ogg sound was loaded previously. returning kached data
2020-02-10 23:41:25.2707 INFO loading sounds.steps.womanstep.3.ogg sound
2020-02-10 23:41:25.2707 INFO sounds.steps.womanstep.3.ogg sound loaded
2020-02-10 23:41:25.7702 INFO loading sounds.steps.womanstep.2.ogg sound
2020-02-10 23:41:25.7702 INFO sounds.steps.womanstep.2.ogg sound was loaded previously. returning kached data
2020-02-10 23:41:26.2695 INFO loading sounds.steps.womanstep.8.ogg sound
2020-02-10 23:41:26.2695 INFO sounds.steps.womanstep.8.ogg sound was loaded previously. returning kached data
2020-02-10 23:41:26.7694 INFO loading sounds.steps.womanstep.12.ogg sound
2020-02-10 23:41:26.7694 INFO sounds.steps.womanstep.12.ogg sound loaded
2020-02-10 23:41:27.2688 INFO loading sounds.steps.womanstep.9.ogg sound
2020-02-10 23:41:27.2688 INFO sounds.steps.womanstep.9.ogg sound loaded
2020-02-10 23:41:30.0033 INFO loading sounds.steps.womanstep.12.ogg sound
2020-02-10 23:41:30.0033 INFO sounds.steps.womanstep.12.ogg sound was loaded previously. returning kached data
2020-02-10 23:41:30.4523 INFO loading sounds.steps.womanstep.4.ogg sound
2020-02-10 23:41:30.4523 INFO sounds.steps.womanstep.4.ogg sound was loaded previously. returning kached data
2020-02-10 23:41:30.6523 INFO loading sounds.steps.womanstep.5.ogg sound
2020-02-10 23:41:30.6523 INFO sounds.steps.womanstep.5.ogg sound loaded
2020-02-10 23:41:30.9529 INFO loading sounds.steps.womanstep.10.ogg sound
2020-02-10 23:41:30.9529 INFO sounds.steps.womanstep.10.ogg sound was loaded previously. returning kached data
2020-02-10 23:41:31.1523 INFO loading sounds.steps.womanstep.10.ogg sound
2020-02-10 23:41:31.1523 INFO sounds.steps.womanstep.10.ogg sound was loaded previously. returning kached data
2020-02-10 23:41:31.4523 INFO loading sounds.steps.womanstep.4.ogg sound
2020-02-10 23:41:31.4523 INFO sounds.steps.womanstep.4.ogg sound was loaded previously. returning kached data
2020-02-10 23:41:31.6531 INFO loading sounds.steps.womanstep.13.ogg sound
2020-02-10 23:41:31.6531 INFO sounds.steps.womanstep.13.ogg sound loaded
2020-02-10 23:41:31.9525 INFO loading sounds.steps.womanstep.12.ogg sound
2020-02-10 23:41:31.9525 INFO sounds.steps.womanstep.12.ogg sound was loaded previously. returning kached data
2020-02-10 23:41:32.1527 INFO loading sounds.steps.womanstep.12.ogg sound
2020-02-10 23:41:32.1527 INFO sounds.steps.womanstep.12.ogg sound was loaded previously. returning kached data
2020-02-10 23:41:38.0853 INFO loading sounds.steps.womanstep.4.ogg sound
2020-02-10 23:41:38.0853 INFO sounds.steps.womanstep.4.ogg sound was loaded previously. returning kached data
2020-02-10 23:41:38.9012 INFO loading sounds.steps.womanstep.13.ogg sound
2020-02-10 23:41:38.9012 INFO sounds.steps.womanstep.13.ogg sound was loaded previously. returning kached data
2020-02-10 23:41:39.4017 INFO loading sounds.steps.womanstep.5.ogg sound
2020-02-10 23:41:39.4017 INFO sounds.steps.womanstep.5.ogg sound was loaded previously. returning kached data
2020-02-10 23:41:39.9012 INFO loading sounds.steps.womanstep.1.ogg sound
2020-02-10 23:41:39.9012 INFO sounds.steps.womanstep.1.ogg sound was loaded previously. returning kached data
2020-02-10 23:41:40.4011 INFO loading sounds.steps.womanstep.2.ogg sound
2020-02-10 23:41:40.4011 INFO sounds.steps.womanstep.2.ogg sound was loaded previously. returning kached data
2020-02-10 23:41:40.9011 INFO loading sounds.steps.womanstep.8.ogg sound
2020-02-10 23:41:40.9011 INFO sounds.steps.womanstep.8.ogg sound was loaded previously. returning kached data
2020-02-10 23:41:41.4015 INFO loading sounds.steps.womanstep.4.ogg sound
2020-02-10 23:41:41.4015 INFO sounds.steps.womanstep.4.ogg sound was loaded previously. returning kached data
2020-02-10 23:41:41.9013 INFO loading sounds.steps.womanstep.6.ogg sound
2020-02-10 23:41:41.9013 INFO sounds.steps.womanstep.6.ogg sound loaded
2020-02-10 23:41:42.3010 ERROR problems excecuting a fmod function at disconnecting source DSP step ERR_CHANNEL_STOLEN
2020-02-10 23:41:42.3010 ERROR problems excecuting a fmod function at releasing source dsp step ERR_INVALID_HANDLE
2020-02-10 23:41:42.3010 ERROR problems excecuting a fmod function at disconnecting source DSP step ERR_CHANNEL_STOLEN
2020-02-10 23:41:42.3010 ERROR problems excecuting a fmod function at disconnecting source DSP step ERR_CHANNEL_STOLEN
2020-02-10 23:41:42.3010 ERROR problems excecuting a fmod function at disconnecting source DSP step ERR_CHANNEL_STOLEN
2020-02-10 23:41:42.3010 ERROR problems excecuting a fmod function at releasing source dsp step ERR_INVALID_HANDLE
2020-02-10 23:41:42.3010 ERROR problems excecuting a fmod function at disconnecting source DSP step ERR_CHANNEL_STOLEN
2020-02-10 23:41:42.3010 ERROR problems excecuting a fmod function at releasing source dsp step ERR_INVALID_HANDLE
2020-02-10 23:41:42.3078 ERROR problems excecuting a fmod function at disconnecting source DSP step ERR_CHANNEL_STOLEN
2020-02-10 23:41:42.3078 ERROR problems excecuting a fmod function at releasing source dsp step ERR_INVALID_HANDLE
2020-02-10 23:41:42.3078 ERROR problems excecuting a fmod function at disconnecting source DSP step ERR_CHANNEL_STOLEN
2020-02-10 23:41:42.3078 ERROR problems excecuting a fmod function at releasing source dsp step ERR_INVALID_HANDLE
2020-02-10 23:41:42.3078 ERROR problems excecuting a fmod function at disconnecting source DSP step ERR_CHANNEL_STOLEN
2020-02-10 23:41:42.3078 ERROR problems excecuting a fmod function at releasing source dsp step ERR_INVALID_HANDLE
2020-02-10 23:41:42.3078 ERROR problems excecuting a fmod function at disconnecting source DSP step ERR_CHANNEL_STOLEN
2020-02-10 23:41:42.3078 ERROR problems excecuting a fmod function at disconnecting source DSP step ERR_CHANNEL_STOLEN
2020-02-10 23:41:42.3078 ERROR problems excecuting a fmod function at releasing source dsp step ERR_INVALID_HANDLE
2020-02-10 23:41:42.3078 ERROR problems excecuting a fmod function at disconnecting source DSP step ERR_INVALID_HANDLE
2020-02-10 23:41:42.3078 ERROR problems excecuting a fmod function at releasing source dsp step ERR_INVALID_HANDLE
2020-02-10 23:41:42.3078 ERROR problems excecuting a fmod function at disconnecting source DSP step ERR_CHANNEL_STOLEN
2020-02-10 23:41:42.3078 ERROR problems excecuting a fmod function at disconnecting source DSP step ERR_CHANNEL_STOLEN
2020-02-10 23:41:42.3078 ERROR problems excecuting a fmod function at releasing source dsp step ERR_INVALID_HANDLE
2020-02-10 23:41:42.3078 ERROR problems excecuting a fmod function at disconnecting source DSP step ERR_CHANNEL_STOLEN
2020-02-10 23:41:42.3078 ERROR problems excecuting a fmod function at releasing source dsp step ERR_INVALID_HANDLE
2020-02-10 23:41:42.3078 ERROR problems excecuting a fmod function at disconnecting source DSP step ERR_INVALID_HANDLE
2020-02-10 23:41:42.3078 ERROR problems excecuting a fmod function at releasing source dsp step ERR_INVALID_HANDLE
2020-02-10 23:41:42.3078 ERROR problems excecuting a fmod function at disconnecting source DSP step ERR_CHANNEL_STOLEN
2020-02-10 23:41:42.3078 ERROR problems excecuting a fmod function at releasing source dsp step ERR_INVALID_HANDLE
2020-02-10 23:41:42.3078 ERROR problems excecuting a fmod function at disconnecting source DSP step ERR_CHANNEL_STOLEN
2020-02-10 23:41:42.3078 ERROR problems excecuting a fmod function at releasing source dsp step ERR_INVALID_HANDLE
2020-02-10 23:41:42.3234 ERROR problems excecuting a fmod function at disconnecting source DSP step ERR_CHANNEL_STOLEN
2020-02-10 23:41:42.3234 ERROR problems excecuting a fmod function at releasing source dsp step ERR_INVALID_HANDLE
2020-02-10 23:41:42.3234 ERROR problems excecuting a fmod function at disconnecting source DSP step ERR_CHANNEL_STOLEN
2020-02-10 23:41:42.3234 ERROR problems excecuting a fmod function at releasing source dsp step ERR_INVALID_HANDLE
2020-02-10 23:41:42.3234 ERROR problems excecuting a fmod function at disconnecting source DSP step ERR_CHANNEL_STOLEN
2020-02-10 23:41:42.3234 ERROR problems excecuting a fmod function at releasing source dsp step ERR_INVALID_HANDLE
2020-02-10 23:41:42.3234 ERROR problems excecuting a fmod function at disconnecting source DSP step ERR_CHANNEL_STOLEN
2020-02-10 23:41:42.3234 ERROR problems excecuting a fmod function at releasing source dsp step ERR_INVALID_HANDLE
2020-02-10 23:41:42.3234 ERROR problems excecuting a fmod function at disconnecting source DSP step ERR_CHANNEL_STOLEN
2020-02-10 23:41:42.3234 ERROR problems excecuting a fmod function at disconnecting source DSP step ERR_CHANNEL_STOLEN
2020-02-10 23:41:42.3234 ERROR problems excecuting a fmod function at releasing source dsp step ERR_INVALID_HANDLE
2020-02-10 23:41:42.3234 ERROR problems excecuting a fmod function at disconnecting source DSP step ERR_CHANNEL_STOLEN
2020-02-10 23:41:42.3234 ERROR problems excecuting a fmod function at releasing source dsp step ERR_INVALID_HANDLE
2020-02-10 23:41:42.3234 ERROR problems excecuting a fmod function at disconnecting source DSP step ERR_CHANNEL_STOLEN
2020-02-10 23:41:42.3234 ERROR problems excecuting a fmod function at releasing source dsp step ERR_INVALID_HANDLE
2020-02-10 23:41:42.3234 ERROR problems excecuting a fmod function at disconnecting source DSP step ERR_CHANNEL_STOLEN
2020-02-10 23:41:42.3234 ERROR problems excecuting a fmod function at releasing source dsp step ERR_INVALID_HANDLE
2020-02-10 23:41:42.3234 ERROR problems excecuting a fmod function at disconnecting source DSP step ERR_CHANNEL_STOLEN
2020-02-10 23:41:42.3234 ERROR problems excecuting a fmod function at releasing source dsp step ERR_INVALID_HANDLE
2020-02-10 23:41:42.3234 ERROR problems excecuting a fmod function at disconnecting source DSP step ERR_CHANNEL_STOLEN
2020-02-10 23:41:42.3234 ERROR problems excecuting a fmod function at releasing source dsp step ERR_INVALID_HANDLE
2020-02-10 23:41:42.3390 ERROR problems excecuting a fmod function at disconnecting source DSP step ERR_CHANNEL_STOLEN
2020-02-10 23:41:42.3390 ERROR problems excecuting a fmod function at releasing source dsp step ERR_INVALID_HANDLE
2020-02-10 23:41:42.4677 ERROR problems excecuting a fmod function at releasing source dsp step ERR_INVALID_HANDLE
2020-02-10 23:41:42.6342 ERROR problems excecuting a fmod function at releasing source dsp step ERR_INVALID_HANDLE
2020-02-10 23:41:42.9677 ERROR problems excecuting a fmod function at releasing source dsp step ERR_INVALID_HANDLE
2020-02-10 23:41:43.0845 ERROR problems excecuting a fmod function at releasing source dsp step ERR_INVALID_HANDLE
2020-02-10 23:41:43.6339 ERROR problems excecuting a fmod function at releasing source dsp step ERR_INVALID_HANDLE
2020-02-10 23:41:43.9673 INFO loading sounds.steps.womanstep.11.ogg sound
2020-02-10 23:41:43.9673 INFO sounds.steps.womanstep.11.ogg sound loaded
2020-02-10 23:41:44.4678 INFO loading sounds.steps.womanstep.9.ogg sound
2020-02-10 23:41:44.4678 INFO sounds.steps.womanstep.9.ogg sound was loaded previously. returning kached data
2020-02-10 23:41:44.9677 INFO loading sounds.steps.womanstep.13.ogg sound
2020-02-10 23:41:44.9677 INFO sounds.steps.womanstep.13.ogg sound was loaded previously. returning kached data
2020-02-10 23:41:45.4679 INFO loading sounds.steps.womanstep.3.ogg sound
2020-02-10 23:41:45.4679 INFO sounds.steps.womanstep.3.ogg sound was loaded previously. returning kached data
2020-02-10 23:41:45.9678 INFO loading sounds.steps.womanstep.10.ogg sound
2020-02-10 23:41:45.9678 INFO sounds.steps.womanstep.10.ogg sound was loaded previously. returning kached data
2020-02-10 23:41:46.0671 INFO loading sounds.walls.woodwall.wav sound
2020-02-10 23:41:46.0671 INFO sounds.walls.woodwall.wav sound was loaded previously. returning kached data
2020-02-10 23:41:46.5674 INFO loading sounds.walls.woodwall.wav sound
2020-02-10 23:41:46.5674 INFO sounds.walls.woodwall.wav sound was loaded previously. returning kached data
2020-02-10 23:41:47.5168 INFO loading sounds.steps.womanstep.6.ogg sound
2020-02-10 23:41:47.5168 INFO sounds.steps.womanstep.6.ogg sound was loaded previously. returning kached data
2020-02-10 23:41:48.4174 INFO loading sounds.steps.womanstep.11.ogg sound
2020-02-10 23:41:48.4174 INFO sounds.steps.womanstep.11.ogg sound was loaded previously. returning kached data
2020-02-10 23:41:48.9170 INFO loading sounds.steps.womanstep.10.ogg sound
2020-02-10 23:41:48.9170 INFO sounds.steps.womanstep.10.ogg sound was loaded previously. returning kached data
2020-02-10 23:41:50.1670 INFO loading sounds.steps.womanstep.9.ogg sound
2020-02-10 23:41:50.1670 INFO sounds.steps.womanstep.9.ogg sound was loaded previously. returning kached data
2020-02-10 23:41:50.6664 INFO loading sounds.steps.womanstep.6.ogg sound
2020-02-10 23:41:50.6664 INFO sounds.steps.womanstep.6.ogg sound was loaded previously. returning kached data
2020-02-10 23:41:52.2496 INFO loading sounds.steps.womanstep.13.ogg sound
2020-02-10 23:41:52.2496 INFO sounds.steps.womanstep.13.ogg sound was loaded previously. returning kached data
2020-02-10 23:41:52.7508 INFO loading sounds.steps.womanstep.5.ogg sound
2020-02-10 23:41:52.7508 INFO sounds.steps.womanstep.5.ogg sound was loaded previously. returning kached data
2020-02-10 23:41:55.0654 INFO loading sounds.steps.womanstep.5.ogg sound
2020-02-10 23:41:55.0654 INFO sounds.steps.womanstep.5.ogg sound was loaded previously. returning kached data
2020-02-10 23:41:57.3991 INFO loading sounds.steps.womanstep.2.ogg sound
2020-02-10 23:41:57.3991 INFO sounds.steps.womanstep.2.ogg sound was loaded previously. returning kached data
2020-02-10 23:41:57.8991 INFO loading sounds.steps.womanstep.5.ogg sound
2020-02-10 23:41:57.8991 INFO sounds.steps.womanstep.5.ogg sound was loaded previously. returning kached data
2020-02-10 23:42:00.5161 INFO loading sounds.steps.womanstep.5.ogg sound
2020-02-10 23:42:00.5161 INFO sounds.steps.womanstep.5.ogg sound was loaded previously. returning kached data
2020-02-10 23:42:01.0149 INFO loading sounds.steps.womanstep.3.ogg sound
2020-02-10 23:42:01.0149 INFO sounds.steps.womanstep.3.ogg sound was loaded previously. returning kached data
2020-02-10 23:42:01.9155 INFO loading sounds.steps.womanstep.4.ogg sound
2020-02-10 23:42:01.9165 INFO sounds.steps.womanstep.4.ogg sound was loaded previously. returning kached data
2020-02-10 23:42:02.4152 INFO loading sounds.steps.womanstep.3.ogg sound
2020-02-10 23:42:02.4152 INFO sounds.steps.womanstep.3.ogg sound was loaded previously. returning kached data
2020-02-10 23:42:02.9144 INFO loading sounds.steps.womanstep.2.ogg sound
2020-02-10 23:42:02.9144 INFO sounds.steps.womanstep.2.ogg sound was loaded previously. returning kached data
2020-02-10 23:42:03.3646 INFO loading sounds.walls.woodwall.wav sound
2020-02-10 23:42:03.3646 INFO sounds.walls.woodwall.wav sound was loaded previously. returning kached data
2020-02-10 23:42:03.4150 INFO loading sounds.walls.woodwall.wav sound
2020-02-10 23:42:03.4150 INFO sounds.walls.woodwall.wav sound was loaded previously. returning kached data
2020-02-10 23:42:03.4169 INFO loading sounds.steps.womanstep.8.ogg sound
2020-02-10 23:42:03.4169 INFO sounds.steps.womanstep.8.ogg sound was loaded previously. returning kached data
2020-02-10 23:42:03.4657 INFO loading sounds.walls.woodwall.wav sound
2020-02-10 23:42:03.4657 INFO sounds.walls.woodwall.wav sound was loaded previously. returning kached data
2020-02-10 23:42:03.5146 INFO loading sounds.walls.woodwall.wav sound
2020-02-10 23:42:03.5146 INFO sounds.walls.woodwall.wav sound was loaded previously. returning kached data
2020-02-10 23:42:03.5654 INFO loading sounds.walls.woodwall.wav sound
2020-02-10 23:42:03.5654 INFO sounds.walls.woodwall.wav sound was loaded previously. returning kached data
2020-02-10 23:42:03.6153 INFO loading sounds.walls.woodwall.wav sound
2020-02-10 23:42:03.6153 INFO sounds.walls.woodwall.wav sound was loaded previously. returning kached data
2020-02-10 23:42:04.2974 INFO loading sounds.steps.womanstep.1.ogg sound
2020-02-10 23:42:04.2974 INFO sounds.steps.womanstep.1.ogg sound was loaded previously. returning kached data
2020-02-10 23:42:04.7984 INFO loading sounds.steps.womanstep.3.ogg sound
2020-02-10 23:42:04.7984 INFO sounds.steps.womanstep.3.ogg sound was loaded previously. returning kached data
2020-02-10 23:42:05.0654 INFO loading sounds.steps.womanstep.7.ogg sound
2020-02-10 23:42:05.0654 INFO sounds.steps.womanstep.7.ogg sound was loaded previously. returning kached data
2020-02-10 23:42:05.5649 INFO loading sounds.steps.womanstep.5.ogg sound
2020-02-10 23:42:05.5649 INFO sounds.steps.womanstep.5.ogg sound was loaded previously. returning kached data
2020-02-10 23:42:06.0649 INFO loading sounds.steps.womanstep.10.ogg sound
2020-02-10 23:42:06.0649 ERROR problems excecuting a fmod function at disconnecting source DSP step ERR_CHANNEL_STOLEN
2020-02-10 23:42:06.0649 ERROR problems excecuting a fmod function at releasing source dsp step ERR_INVALID_HANDLE
2020-02-10 23:42:06.0649 ERROR problems excecuting a fmod function at disconnecting source DSP step ERR_CHANNEL_STOLEN
2020-02-10 23:42:06.0649 ERROR problems excecuting a fmod function at disconnecting source DSP step ERR_CHANNEL_STOLEN
2020-02-10 23:42:06.0649 ERROR problems excecuting a fmod function at releasing source dsp step ERR_INVALID_HANDLE
2020-02-10 23:42:06.0649 INFO sounds.steps.womanstep.10.ogg sound was loaded previously. returning kached data
2020-02-10 23:42:06.0649 ERROR problems excecuting a fmod function at disconnecting source DSP step ERR_CHANNEL_STOLEN
2020-02-10 23:42:06.0737 ERROR problems excecuting a fmod function at releasing source dsp step ERR_INVALID_HANDLE
2020-02-10 23:42:06.0737 ERROR problems excecuting a fmod function at disconnecting source DSP step ERR_CHANNEL_STOLEN
2020-02-10 23:42:06.0737 ERROR problems excecuting a fmod function at disconnecting source DSP step ERR_CHANNEL_STOLEN
2020-02-10 23:42:06.0737 ERROR problems excecuting a fmod function at releasing source dsp step ERR_INVALID_HANDLE
2020-02-10 23:42:06.0737 ERROR problems excecuting a fmod function at disconnecting source DSP step ERR_CHANNEL_STOLEN
2020-02-10 23:42:06.0737 ERROR problems excecuting a fmod function at releasing source dsp step ERR_INVALID_HANDLE
2020-02-10 23:42:06.0737 ERROR problems excecuting a fmod function at disconnecting source DSP step ERR_CHANNEL_STOLEN
2020-02-10 23:42:06.0737 ERROR problems excecuting a fmod function at releasing source dsp step ERR_INVALID_HANDLE
2020-02-10 23:42:06.0737 ERROR problems excecuting a fmod function at disconnecting source DSP step ERR_CHANNEL_STOLEN
2020-02-10 23:42:06.0737 ERROR problems excecuting a fmod function at releasing source dsp step ERR_INVALID_HANDLE
2020-02-10 23:42:06.0737 ERROR problems excecuting a fmod function at disconnecting source DSP step ERR_CHANNEL_STOLEN
2020-02-10 23:42:06.0737 ERROR problems excecuting a fmod function at releasing source dsp step ERR_INVALID_HANDLE
2020-02-10 23:42:06.0737 ERROR problems excecuting a fmod function at disconnecting source DSP step ERR_CHANNEL_STOLEN
2020-02-10 23:42:06.0737 ERROR problems excecuting a fmod function at disconnecting source DSP step ERR_CHANNEL_STOLEN
2020-02-10 23:42:06.0737 ERROR problems excecuting a fmod function at releasing source dsp step ERR_INVALID_HANDLE
2020-02-10 23:42:06.0737 ERROR problems excecuting a fmod function at disconnecting source DSP step ERR_CHANNEL_STOLEN
2020-02-10 23:42:06.0737 ERROR problems excecuting a fmod function at releasing source dsp step ERR_INVALID_HANDLE
2020-02-10 23:42:06.0737 ERROR problems excecuting a fmod function at disconnecting source DSP step ERR_CHANNEL_STOLEN
2020-02-10 23:42:06.0737 ERROR problems excecuting a fmod function at releasing source dsp step ERR_INVALID_HANDLE
2020-02-10 23:42:06.0737 ERROR problems excecuting a fmod function at disconnecting source DSP step ERR_CHANNEL_STOLEN
2020-02-10 23:42:06.0737 ERROR problems excecuting a fmod function at releasing source dsp step ERR_INVALID_HANDLE
2020-02-10 23:42:06.0883 ERROR problems excecuting a fmod function at disconnecting source DSP step ERR_CHANNEL_STOLEN
2020-02-10 23:42:06.0883 ERROR problems excecuting a fmod function at releasing source dsp step ERR_INVALID_HANDLE
2020-02-10 23:42:06.0883 ERROR problems excecuting a fmod function at disconnecting source DSP step ERR_CHANNEL_STOLEN
2020-02-10 23:42:06.0883 ERROR problems excecuting a fmod function at disconnecting source DSP step ERR_CHANNEL_STOLEN
2020-02-10 23:42:06.0883 ERROR problems excecuting a fmod function at releasing source dsp step ERR_INVALID_HANDLE
2020-02-10 23:42:06.0883 ERROR problems excecuting a fmod function at disconnecting source DSP step ERR_CHANNEL_STOLEN
2020-02-10 23:42:06.0883 ERROR problems excecuting a fmod function at releasing source dsp step ERR_INVALID_HANDLE
2020-02-10 23:42:06.0883 ERROR problems excecuting a fmod function at disconnecting source DSP step ERR_CHANNEL_STOLEN
2020-02-10 23:42:06.0883 ERROR problems excecuting a fmod function at releasing source dsp step ERR_INVALID_HANDLE
2020-02-10 23:42:06.0883 ERROR problems excecuting a fmod function at disconnecting source DSP step ERR_CHANNEL_STOLEN
2020-02-10 23:42:06.0883 ERROR problems excecuting a fmod function at disconnecting source DSP step ERR_CHANNEL_STOLEN
2020-02-10 23:42:06.0883 ERROR problems excecuting a fmod function at releasing source dsp step ERR_INVALID_HANDLE
2020-02-10 23:42:06.0883 ERROR problems excecuting a fmod function at disconnecting source DSP step ERR_CHANNEL_STOLEN
2020-02-10 23:42:06.0883 ERROR problems excecuting a fmod function at releasing source dsp step ERR_INVALID_HANDLE
2020-02-10 23:42:06.0883 ERROR problems excecuting a fmod function at disconnecting source DSP step ERR_CHANNEL_STOLEN
2020-02-10 23:42:06.0883 ERROR problems excecuting a fmod function at releasing source dsp step ERR_INVALID_HANDLE
2020-02-10 23:42:06.0883 ERROR problems excecuting a fmod function at disconnecting source DSP step ERR_CHANNEL_STOLEN
2020-02-10 23:42:06.0883 ERROR problems excecuting a fmod function at releasing source dsp step ERR_INVALID_HANDLE
2020-02-10 23:42:06.0883 ERROR problems excecuting a fmod function at disconnecting source DSP step ERR_CHANNEL_STOLEN
2020-02-10 23:42:06.0883 ERROR problems excecuting a fmod function at releasing source dsp step ERR_INVALID_HANDLE
2020-02-10 23:42:06.0883 ERROR problems excecuting a fmod function at disconnecting source DSP step ERR_INVALID_HANDLE
2020-02-10 23:42:06.1039 ERROR problems excecuting a fmod function at releasing source dsp step ERR_INVALID_HANDLE
2020-02-10 23:42:06.1039 ERROR problems excecuting a fmod function at disconnecting source DSP step ERR_INVALID_HANDLE
2020-02-10 23:42:06.1039 ERROR problems excecuting a fmod function at releasing source dsp step ERR_INVALID_HANDLE
2020-02-10 23:42:06.1039 ERROR problems excecuting a fmod function at disconnecting source DSP step ERR_CHANNEL_STOLEN
2020-02-10 23:42:06.1039 ERROR problems excecuting a fmod function at releasing source dsp step ERR_INVALID_HANDLE
2020-02-10 23:42:06.1039 ERROR problems excecuting a fmod function at disconnecting source DSP step ERR_CHANNEL_STOLEN
2020-02-10 23:42:06.1039 ERROR problems excecuting a fmod function at releasing source dsp step ERR_INVALID_HANDLE
2020-02-10 23:42:06.1039 ERROR problems excecuting a fmod function at disconnecting source DSP step ERR_CHANNEL_STOLEN
2020-02-10 23:42:06.1039 ERROR problems excecuting a fmod function at releasing source dsp step ERR_INVALID_HANDLE
2020-02-10 23:42:06.1039 ERROR problems excecuting a fmod function at disconnecting source DSP step ERR_CHANNEL_STOLEN
2020-02-10 23:42:06.1039 ERROR problems excecuting a fmod function at releasing source dsp step ERR_INVALID_HANDLE
2020-02-10 23:42:06.1039 ERROR problems excecuting a fmod function at disconnecting source DSP step ERR_CHANNEL_STOLEN
2020-02-10 23:42:06.1039 ERROR problems excecuting a fmod function at releasing source dsp step ERR_INVALID_HANDLE
2020-02-10 23:42:06.1039 ERROR problems excecuting a fmod function at disconnecting source DSP step ERR_CHANNEL_STOLEN
2020-02-10 23:42:06.1039 ERROR problems excecuting a fmod function at releasing source dsp step ERR_INVALID_HANDLE
2020-02-10 23:42:06.1039 ERROR problems excecuting a fmod function at disconnecting source DSP step ERR_INVALID_HANDLE
2020-02-10 23:42:06.1039 ERROR problems excecuting a fmod function at releasing source dsp step ERR_INVALID_HANDLE
2020-02-10 23:42:06.1039 ERROR problems excecuting a fmod function at disconnecting source DSP step ERR_CHANNEL_STOLEN
2020-02-10 23:42:06.1039 ERROR problems excecuting a fmod function at releasing source dsp step ERR_INVALID_HANDLE
2020-02-10 23:42:06.1039 ERROR problems excecuting a fmod function at disconnecting source DSP step ERR_CHANNEL_STOLEN
2020-02-10 23:42:06.1039 ERROR problems excecuting a fmod function at releasing source dsp step ERR_INVALID_HANDLE
2020-02-10 23:42:06.1039 ERROR problems excecuting a fmod function at disconnecting source DSP step ERR_INVALID_HANDLE
2020-02-10 23:42:06.1039 ERROR problems excecuting a fmod function at releasing source dsp step ERR_INVALID_HANDLE
2020-02-10 23:42:06.4984 ERROR problems excecuting a fmod function at releasing source dsp step ERR_INVALID_HANDLE
2020-02-10 23:42:06.6151 INFO loading sounds.steps.womanstep.4.ogg sound
2020-02-10 23:42:06.6151 INFO sounds.steps.womanstep.4.ogg sound was loaded previously. returning kached data
2020-02-10 23:42:06.8639 ERROR problems excecuting a fmod function at releasing source dsp step ERR_INVALID_HANDLE
2020-02-10 23:42:07.1143 INFO loading sounds.steps.womanstep.3.ogg sound
2020-02-10 23:42:07.1143 INFO sounds.steps.womanstep.3.ogg sound was loaded previously. returning kached data
2020-02-10 23:42:07.3649 ERROR problems excecuting a fmod function at releasing source dsp step ERR_INVALID_HANDLE
2020-02-10 23:42:07.6143 INFO loading sounds.steps.womanstep.3.ogg sound
2020-02-10 23:42:07.6143 INFO sounds.steps.womanstep.3.ogg sound was loaded previously. returning kached data
2020-02-10 23:42:07.6303 ERROR problems excecuting a fmod function at releasing source dsp step ERR_INVALID_HANDLE
2020-02-10 23:42:08.1147 INFO loading sounds.steps.womanstep.3.ogg sound
2020-02-10 23:42:08.1147 INFO sounds.steps.womanstep.3.ogg sound was loaded previously. returning kached data
2020-02-10 23:42:08.6144 INFO loading sounds.steps.womanstep.1.ogg sound
2020-02-10 23:42:08.6144 INFO sounds.steps.womanstep.1.ogg sound was loaded previously. returning kached data
2020-02-10 23:42:09.1139 INFO loading sounds.steps.womanstep.7.ogg sound
2020-02-10 23:42:09.1139 INFO sounds.steps.womanstep.7.ogg sound was loaded previously. returning kached data
2020-02-10 23:42:09.6147 INFO loading sounds.steps.womanstep.6.ogg sound
2020-02-10 23:42:09.6147 INFO sounds.steps.womanstep.6.ogg sound was loaded previously. returning kached data
2020-02-10 23:42:09.8305 ERROR problems excecuting a fmod function at releasing source dsp step ERR_INVALID_HANDLE
2020-02-10 23:42:10.1142 INFO loading sounds.steps.womanstep.10.ogg sound
2020-02-10 23:42:10.1142 INFO sounds.steps.womanstep.10.ogg sound was loaded previously. returning kached data
2020-02-10 23:42:10.6141 INFO loading sounds.steps.womanstep.4.ogg sound
2020-02-10 23:42:10.6141 INFO sounds.steps.womanstep.4.ogg sound was loaded previously. returning kached data
2020-02-10 23:42:11.1136 INFO loading sounds.steps.womanstep.12.ogg sound
2020-02-10 23:42:11.1136 INFO sounds.steps.womanstep.12.ogg sound was loaded previously. returning kached data
2020-02-10 23:42:11.6141 INFO loading sounds.steps.womanstep.13.ogg sound
2020-02-10 23:42:11.6141 INFO sounds.steps.womanstep.13.ogg sound was loaded previously. returning kached data
2020-02-10 23:42:12.1134 INFO loading sounds.steps.womanstep.6.ogg sound
2020-02-10 23:42:12.1134 INFO sounds.steps.womanstep.6.ogg sound was loaded previously. returning kached data
2020-02-10 23:42:12.6141 INFO loading sounds.steps.womanstep.3.ogg sound
2020-02-10 23:42:12.6141 INFO sounds.steps.womanstep.3.ogg sound was loaded previously. returning kached data
2020-02-10 23:42:13.1137 INFO loading sounds.steps.womanstep.12.ogg sound
2020-02-10 23:42:13.1137 INFO sounds.steps.womanstep.12.ogg sound was loaded previously. returning kached data
2020-02-10 23:42:15.2639 INFO loading sounds.steps.womanstep.7.ogg sound
2020-02-10 23:42:15.2639 INFO sounds.steps.womanstep.7.ogg sound was loaded previously. returning kached data
2020-02-10 23:42:15.7638 INFO loading sounds.steps.womanstep.13.ogg sound
2020-02-10 23:42:15.7638 INFO sounds.steps.womanstep.13.ogg sound was loaded previously. returning kached data
2020-02-10 23:42:16.8965 INFO loading sounds.steps.womanstep.1.ogg sound
2020-02-10 23:42:16.8965 INFO sounds.steps.womanstep.1.ogg sound was loaded previously. returning kached data
2020-02-10 23:42:17.3962 INFO loading sounds.steps.womanstep.12.ogg sound
2020-02-10 23:42:17.3962 INFO sounds.steps.womanstep.12.ogg sound was loaded previously. returning kached data
2020-02-10 23:42:17.8959 INFO loading sounds.steps.womanstep.1.ogg sound
2020-02-10 23:42:17.8959 INFO sounds.steps.womanstep.1.ogg sound was loaded previously. returning kached data
2020-02-10 23:42:17.9960 INFO loading sounds.steps.womanstep.8.ogg sound
2020-02-10 23:42:17.9960 INFO sounds.steps.womanstep.8.ogg sound was loaded previously. returning kached data
2020-02-10 23:42:18.4968 INFO loading sounds.steps..1.ogg sound
2020-02-10 23:42:18.4968 ERROR problems excecuting a fmod function at non detailed. step ERR_FILE_NOTFOUND
2020-02-10 23:42:18.4968 INFO sounds.steps..1.ogg sound loaded
2020-02-10 23:42:18.4968 ERROR problems excecuting a fmod function at non detailed. step ERR_INVALID_PARAM
2020-02-10 23:42:18.4968 ERROR problems excecuting a fmod function at non detailed. step ERR_INVALID_PARAM
2020-02-10 23:42:18.4968 ERROR problems excecuting a fmod function at non detailed. step ERR_INVALID_PARAM
2020-02-10 23:42:18.4968 ERROR problems excecuting a fmod function at non detailed. step ERR_INVALID_PARAM
2020-02-10 23:42:18.4968 ERROR problems excecuting a fmod function at disconnecting source DSP step ERR_INVALID_PARAM
2020-02-10 23:42:18.4968 ERROR problems excecuting a fmod function at non detailed. step ERR_INVALID_PARAM
2020-02-10 23:42:18.4968 ERROR problems excecuting a fmod function at non detailed. step ERR_INVALID_PARAM
2020-02-10 23:42:18.4968 ERROR problems excecuting a fmod function at non detailed. step ERR_INVALID_PARAM
2020-02-10 23:42:18.4968 ERROR problems excecuting a fmod function at disconnecting source DSP step ERR_INVALID_PARAM
2020-02-10 23:42:27.3123 INFO loading sounds.steps.womanstep.3.ogg sound
2020-02-10 23:42:27.3123 INFO sounds.steps.womanstep.3.ogg sound was loaded previously. returning kached data
2020-02-10 23:42:27.4128 INFO loading sounds.steps.womanstep.8.ogg sound
2020-02-10 23:42:27.4128 INFO sounds.steps.womanstep.8.ogg sound was loaded previously. returning kached data
2020-02-10 23:42:27.9126 INFO loading sounds.steps.womanstep.13.ogg sound
2020-02-10 23:42:27.9126 INFO sounds.steps.womanstep.13.ogg sound was loaded previously. returning kached data
2020-02-10 23:42:28.4123 INFO loading sounds.steps.womanstep.12.ogg sound
2020-02-10 23:42:28.4123 INFO sounds.steps.womanstep.12.ogg sound was loaded previously. returning kached data
2020-02-10 23:42:28.9131 INFO loading sounds.steps.womanstep.12.ogg sound
2020-02-10 23:42:28.9131 INFO sounds.steps.womanstep.12.ogg sound was loaded previously. returning kached data
2020-02-10 23:42:28.9966 ERROR problems excecuting a fmod function at disconnecting source DSP step ERR_CHANNEL_STOLEN
2020-02-10 23:42:28.9966 ERROR problems excecuting a fmod function at releasing source dsp step ERR_INVALID_HANDLE
2020-02-10 23:42:28.9966 ERROR problems excecuting a fmod function at disconnecting source DSP step ERR_CHANNEL_STOLEN
2020-02-10 23:42:28.9966 ERROR problems excecuting a fmod function at releasing source dsp step ERR_INVALID_HANDLE
2020-02-10 23:42:28.9966 ERROR problems excecuting a fmod function at disconnecting source DSP step ERR_CHANNEL_STOLEN
2020-02-10 23:42:28.9966 ERROR problems excecuting a fmod function at releasing source dsp step ERR_INVALID_HANDLE
2020-02-10 23:42:28.9966 ERROR problems excecuting a fmod function at disconnecting source DSP step ERR_CHANNEL_STOLEN
2020-02-10 23:42:28.9966 ERROR problems excecuting a fmod function at disconnecting source DSP step ERR_CHANNEL_STOLEN
2020-02-10 23:42:28.9966 ERROR problems excecuting a fmod function at releasing source dsp step ERR_INVALID_HANDLE
2020-02-10 23:42:28.9966 ERROR problems excecuting a fmod function at disconnecting source DSP step ERR_CHANNEL_STOLEN
2020-02-10 23:42:28.9966 ERROR problems excecuting a fmod function at disconnecting source DSP step ERR_CHANNEL_STOLEN
2020-02-10 23:42:28.9966 ERROR problems excecuting a fmod function at disconnecting source DSP step ERR_CHANNEL_STOLEN
2020-02-10 23:42:28.9966 ERROR problems excecuting a fmod function at disconnecting source DSP step ERR_CHANNEL_STOLEN
2020-02-10 23:42:28.9966 ERROR problems excecuting a fmod function at releasing source dsp step ERR_INVALID_HANDLE
2020-02-10 23:42:28.9966 ERROR problems excecuting a fmod function at disconnecting source DSP step ERR_CHANNEL_STOLEN
2020-02-10 23:42:28.9966 ERROR problems excecuting a fmod function at releasing source dsp step ERR_INVALID_HANDLE
2020-02-10 23:42:28.9966 ERROR problems excecuting a fmod function at disconnecting source DSP step ERR_INVALID_PARAM
2020-02-10 23:42:28.9966 ERROR problems excecuting a fmod function at releasing source dsp step ERR_INVALID_HANDLE
2020-02-10 23:42:28.9966 ERROR problems excecuting a fmod function at disconnecting source DSP step ERR_CHANNEL_STOLEN
2020-02-10 23:42:28.9966 ERROR problems excecuting a fmod function at releasing source dsp step ERR_INVALID_HANDLE
2020-02-10 23:42:29.0102 ERROR problems excecuting a fmod function at disconnecting source DSP step ERR_CHANNEL_STOLEN
2020-02-10 23:42:29.0102 ERROR problems excecuting a fmod function at releasing source dsp step ERR_INVALID_HANDLE
2020-02-10 23:42:29.0102 ERROR problems excecuting a fmod function at disconnecting source DSP step ERR_CHANNEL_STOLEN
2020-02-10 23:42:29.0102 ERROR problems excecuting a fmod function at releasing source dsp step ERR_INVALID_HANDLE
2020-02-10 23:42:29.0102 ERROR problems excecuting a fmod function at disconnecting source DSP step ERR_CHANNEL_STOLEN
2020-02-10 23:42:29.0102 ERROR problems excecuting a fmod function at releasing source dsp step ERR_INVALID_HANDLE
2020-02-10 23:42:29.0102 ERROR problems excecuting a fmod function at disconnecting source DSP step ERR_CHANNEL_STOLEN
2020-02-10 23:42:29.0102 ERROR problems excecuting a fmod function at releasing source dsp step ERR_INVALID_HANDLE
2020-02-10 23:42:29.0102 ERROR problems excecuting a fmod function at disconnecting source DSP step ERR_CHANNEL_STOLEN
2020-02-10 23:42:29.0102 ERROR problems excecuting a fmod function at releasing source dsp step ERR_INVALID_HANDLE
2020-02-10 23:42:29.0102 ERROR problems excecuting a fmod function at disconnecting source DSP step ERR_CHANNEL_STOLEN
2020-02-10 23:42:29.0102 ERROR problems excecuting a fmod function at releasing source dsp step ERR_INVALID_HANDLE
2020-02-10 23:42:29.0102 ERROR problems excecuting a fmod function at disconnecting source DSP step ERR_CHANNEL_STOLEN
2020-02-10 23:42:29.0102 ERROR problems excecuting a fmod function at releasing source dsp step ERR_INVALID_HANDLE
2020-02-10 23:42:29.0102 ERROR problems excecuting a fmod function at disconnecting source DSP step ERR_CHANNEL_STOLEN
2020-02-10 23:42:29.0102 ERROR problems excecuting a fmod function at releasing source dsp step ERR_INVALID_HANDLE
2020-02-10 23:42:29.0102 ERROR problems excecuting a fmod function at disconnecting source DSP step ERR_CHANNEL_STOLEN
2020-02-10 23:42:29.0102 ERROR problems excecuting a fmod function at releasing source dsp step ERR_INVALID_HANDLE
2020-02-10 23:42:29.0102 ERROR problems excecuting a fmod function at disconnecting source DSP step ERR_CHANNEL_STOLEN
2020-02-10 23:42:29.0102 ERROR problems excecuting a fmod function at releasing source dsp step ERR_INVALID_HANDLE
2020-02-10 23:42:29.0288 ERROR problems excecuting a fmod function at releasing source dsp step ERR_INVALID_HANDLE
2020-02-10 23:42:29.1290 ERROR problems excecuting a fmod function at releasing source dsp step ERR_INVALID_HANDLE
2020-02-10 23:42:29.4123 INFO loading sounds.steps.womanstep.5.ogg sound
2020-02-10 23:42:29.4123 INFO sounds.steps.womanstep.5.ogg sound was loaded previously. returning kached data
2020-02-10 23:42:29.9127 INFO loading sounds.steps.womanstep.3.ogg sound
2020-02-10 23:42:29.9127 INFO sounds.steps.womanstep.3.ogg sound was loaded previously. returning kached data
2020-02-10 23:42:29.9459 ERROR problems excecuting a fmod function at releasing source dsp step ERR_INVALID_HANDLE
2020-02-10 23:42:30.4123 INFO loading sounds.steps.womanstep.11.ogg sound
2020-02-10 23:42:30.4123 INFO sounds.steps.womanstep.11.ogg sound was loaded previously. returning kached data
2020-02-10 23:42:30.4628 ERROR problems excecuting a fmod function at releasing source dsp step ERR_INVALID_HANDLE
2020-02-10 23:42:30.9131 INFO loading sounds.steps.womanstep.11.ogg sound
2020-02-10 23:42:30.9131 INFO sounds.steps.womanstep.11.ogg sound was loaded previously. returning kached data
2020-02-10 23:42:31.4123 INFO loading sounds.steps.womanstep.7.ogg sound
2020-02-10 23:42:31.4123 INFO sounds.steps.womanstep.7.ogg sound was loaded previously. returning kached data
2020-02-10 23:42:31.9131 INFO loading sounds.steps.womanstep.6.ogg sound
2020-02-10 23:42:31.9131 INFO sounds.steps.womanstep.6.ogg sound was loaded previously. returning kached data
2020-02-10 23:42:32.4125 INFO loading sounds.steps.womanstep.12.ogg sound
2020-02-10 23:42:32.4125 INFO sounds.steps.womanstep.12.ogg sound was loaded previously. returning kached data
2020-02-10 23:42:32.9126 INFO loading sounds.steps.womanstep.1.ogg sound
2020-02-10 23:42:32.9126 INFO sounds.steps.womanstep.1.ogg sound was loaded previously. returning kached data
2020-02-10 23:42:33.4130 INFO loading sounds.steps.womanstep.3.ogg sound
2020-02-10 23:42:33.4130 INFO sounds.steps.womanstep.3.ogg sound was loaded previously. returning kached data
2020-02-10 23:42:33.9126 INFO loading sounds.steps.womanstep.9.ogg sound
2020-02-10 23:42:33.9126 INFO sounds.steps.womanstep.9.ogg sound was loaded previously. returning kached data
2020-02-10 23:42:34.4131 INFO loading sounds.steps.womanstep.7.ogg sound
2020-02-10 23:42:34.4131 INFO sounds.steps.womanstep.7.ogg sound was loaded previously. returning kached data
2020-02-10 23:42:34.9132 INFO loading sounds.steps.womanstep.7.ogg sound
2020-02-10 23:42:34.9132 INFO sounds.steps.womanstep.7.ogg sound was loaded previously. returning kached data
2020-02-10 23:42:35.4129 INFO loading sounds.steps.womanstep.6.ogg sound
2020-02-10 23:42:35.4129 INFO sounds.steps.womanstep.6.ogg sound was loaded previously. returning kached data
2020-02-10 23:42:35.9123 INFO loading sounds.steps.womanstep.7.ogg sound
2020-02-10 23:42:35.9123 INFO sounds.steps.womanstep.7.ogg sound was loaded previously. returning kached data
2020-02-10 23:42:36.4125 INFO loading sounds.steps.womanstep.12.ogg sound
2020-02-10 23:42:36.4125 INFO sounds.steps.womanstep.12.ogg sound was loaded previously. returning kached data
